13-Nov-2018 10:50:09.794 INFO [main] org.apache.catalina.startup.VersionLoggerListener.log Server version:        Apache Tomcat/9.0.13
13-Nov-2018 10:50:09.799 INFO [main] org.apache.catalina.startup.VersionLoggerListener.log Server built:          Nov 2 2018 14:27:55 UTC
13-Nov-2018 10:50:09.799 INFO [main] org.apache.catalina.startup.VersionLoggerListener.log Server number:         9.0.13.0
13-Nov-2018 10:50:09.799 INFO [main] org.apache.catalina.startup.VersionLoggerListener.log OS Name:               Mac OS X
13-Nov-2018 10:50:09.800 INFO [main] org.apache.catalina.startup.VersionLoggerListener.log OS Version:            10.14
13-Nov-2018 10:50:09.800 INFO [main] org.apache.catalina.startup.VersionLoggerListener.log Architecture:          x86_64
13-Nov-2018 10:50:09.800 INFO [main] org.apache.catalina.startup.VersionLoggerListener.log Java Home:             /Library/Java/JavaVirtualMachines/jdk-11.0.1.jdk/Contents/Home
13-Nov-2018 10:50:09.800 INFO [main] org.apache.catalina.startup.VersionLoggerListener.log JVM Version:           11.0.1+13-LTS
13-Nov-2018 10:50:09.800 INFO [main] org.apache.catalina.startup.VersionLoggerListener.log JVM Vendor:            Oracle Corporation
13-Nov-2018 10:50:09.800 INFO [main] org.apache.catalina.startup.VersionLoggerListener.log CATALINA_BASE:         /Users/The_Gate/Desktop/apache-tomcat-9.0.13
13-Nov-2018 10:50:09.800 INFO [main] org.apache.catalina.startup.VersionLoggerListener.log CATALINA_HOME:         /Users/The_Gate/Desktop/apache-tomcat-9.0.13
13-Nov-2018 10:50:09.805 INFO [main] org.apache.catalina.startup.VersionLoggerListener.log Command line argument: --add-opens=java.base/java.lang=ALL-UNNAMED
13-Nov-2018 10:50:09.805 INFO [main] org.apache.catalina.startup.VersionLoggerListener.log Command line argument: --add-opens=java.base/java.io=ALL-UNNAMED
13-Nov-2018 10:50:09.805 INFO [main] org.apache.catalina.startup.VersionLoggerListener.log Command line argument: --add-opens=java.rmi/sun.rmi.transport=ALL-UNNAMED
13-Nov-2018 10:50:09.806 INFO [main] org.apache.catalina.startup.VersionLoggerListener.log Command line argument: -Djava.util.logging.config.file=/Users/The_Gate/Desktop/apache-tomcat-9.0.13/conf/logging.properties
13-Nov-2018 10:50:09.806 INFO [main] org.apache.catalina.startup.VersionLoggerListener.log Command line argument: -Djava.util.logging.manager=org.apache.juli.ClassLoaderLogManager
13-Nov-2018 10:50:09.806 INFO [main] org.apache.catalina.startup.VersionLoggerListener.log Command line argument: -Djdk.tls.ephemeralDHKeySize=2048
13-Nov-2018 10:50:09.806 INFO [main] org.apache.catalina.startup.VersionLoggerListener.log Command line argument: -Djava.protocol.handler.pkgs=org.apache.catalina.webresources
13-Nov-2018 10:50:09.806 INFO [main] org.apache.catalina.startup.VersionLoggerListener.log Command line argument: -Dorg.apache.catalina.security.SecurityListener.UMASK=0027
13-Nov-2018 10:50:09.807 INFO [main] org.apache.catalina.startup.VersionLoggerListener.log Command line argument: -Dignore.endorsed.dirs=
13-Nov-2018 10:50:09.807 INFO [main] org.apache.catalina.startup.VersionLoggerListener.log Command line argument: -Dcatalina.base=/Users/The_Gate/Desktop/apache-tomcat-9.0.13
13-Nov-2018 10:50:09.807 INFO [main] org.apache.catalina.startup.VersionLoggerListener.log Command line argument: -Dcatalina.home=/Users/The_Gate/Desktop/apache-tomcat-9.0.13
13-Nov-2018 10:50:09.807 INFO [main] org.apache.catalina.startup.VersionLoggerListener.log Command line argument: -Djava.io.tmpdir=/Users/The_Gate/Desktop/apache-tomcat-9.0.13/temp
13-Nov-2018 10:50:09.807 INFO [main] org.apache.catalina.core.AprLifecycleListener.lifecycleEvent The APR based Apache Tomcat Native library which allows optimal performance in production environments was not found on the java.library.path: [/Users/The_Gate/Library/Java/Extensions:/Library/Java/Extensions:/Network/Library/Java/Extensions:/System/Library/Java/Extensions:/usr/lib/java:.]
13-Nov-2018 10:50:09.857 INFO [main] org.apache.coyote.AbstractProtocol.init Initializing ProtocolHandler ["http-nio-8080"]
13-Nov-2018 10:50:09.886 INFO [main] org.apache.tomcat.util.net.NioSelectorPool.getSharedSelector Using a shared selector for servlet write/read
13-Nov-2018 10:50:09.899 INFO [main] org.apache.coyote.AbstractProtocol.init Initializing ProtocolHandler ["ajp-nio-8009"]
13-Nov-2018 10:50:09.900 INFO [main] org.apache.tomcat.util.net.NioSelectorPool.getSharedSelector Using a shared selector for servlet write/read
13-Nov-2018 10:50:09.900 INFO [main] org.apache.catalina.startup.Catalina.load Initialization processed in 607 ms
13-Nov-2018 10:50:09.956 INFO [main] org.apache.catalina.core.StandardService.startInternal Starting service [Catalina]
13-Nov-2018 10:50:09.956 INFO [main] org.apache.catalina.core.StandardEngine.startInternal Starting Servlet Engine: Apache Tomcat/9.0.13
13-Nov-2018 10:50:09.965 INFO [main] org.apache.catalina.startup.HostConfig.deployDirectory Deploying web application directory [/Users/The_Gate/Desktop/apache-tomcat-9.0.13/webapps/docs]
13-Nov-2018 10:50:10.317 INFO [main] org.apache.catalina.startup.HostConfig.deployDirectory Deployment of web application directory [/Users/The_Gate/Desktop/apache-tomcat-9.0.13/webapps/docs] has finished in [351] ms
13-Nov-2018 10:50:10.317 INFO [main] org.apache.catalina.startup.HostConfig.deployDirectory Deploying web application directory [/Users/The_Gate/Desktop/apache-tomcat-9.0.13/webapps/manager]
13-Nov-2018 10:50:10.346 INFO [main] org.apache.catalina.startup.HostConfig.deployDirectory Deployment of web application directory [/Users/The_Gate/Desktop/apache-tomcat-9.0.13/webapps/manager] has finished in [29] ms
13-Nov-2018 10:50:10.346 INFO [main] org.apache.catalina.startup.HostConfig.deployDirectory Deploying web application directory [/Users/The_Gate/Desktop/apache-tomcat-9.0.13/webapps/examples]
13-Nov-2018 10:50:10.592 INFO [main] org.apache.catalina.startup.HostConfig.deployDirectory Deployment of web application directory [/Users/The_Gate/Desktop/apache-tomcat-9.0.13/webapps/examples] has finished in [245] ms
13-Nov-2018 10:50:10.592 INFO [main] org.apache.catalina.startup.HostConfig.deployDirectory Deploying web application directory [/Users/The_Gate/Desktop/apache-tomcat-9.0.13/webapps/ROOT]
13-Nov-2018 10:50:10.607 INFO [main] org.apache.catalina.startup.HostConfig.deployDirectory Deployment of web application directory [/Users/The_Gate/Desktop/apache-tomcat-9.0.13/webapps/ROOT] has finished in [15] ms
13-Nov-2018 10:50:10.607 INFO [main] org.apache.catalina.startup.HostConfig.deployDirectory Deploying web application directory [/Users/The_Gate/Desktop/apache-tomcat-9.0.13/webapps/host-manager]
13-Nov-2018 10:50:10.624 INFO [main] org.apache.catalina.startup.HostConfig.deployDirectory Deployment of web application directory [/Users/The_Gate/Desktop/apache-tomcat-9.0.13/webapps/host-manager] has finished in [17] ms
13-Nov-2018 10:50:10.626 INFO [main] org.apache.coyote.AbstractProtocol.start Starting ProtocolHandler ["http-nio-8080"]
13-Nov-2018 10:50:10.634 INFO [main] org.apache.coyote.AbstractProtocol.start Starting ProtocolHandler ["ajp-nio-8009"]
13-Nov-2018 10:50:10.636 INFO [main] org.apache.catalina.startup.Catalina.start Server startup in 735 ms
13-Nov-2018 11:33:57.829 INFO [http-nio-8080-exec-8] org.apache.jsp.index_jsp._jspService Log Test 2
13-Nov-2018 11:36:39.889 SEVERE [http-nio-8080-exec-9] org.apache.jsp.index_jsp._jspService Log Test 2
13-Nov-2018 11:36:39.890 WARNING [http-nio-8080-exec-9] org.apache.jsp.index_jsp._jspService Log Test 2
13-Nov-2018 11:36:39.890 INFO [http-nio-8080-exec-9] org.apache.jsp.index_jsp._jspService Log Test 2
13-Nov-2018 11:42:12.055 INFO [ContainerBackgroundProcessor[StandardEngine[Catalina]]] org.apache.catalina.startup.HostConfig.deployDirectory Deploying web application directory [/Users/The_Gate/Desktop/apache-tomcat-9.0.13/webapps/.idea]
13-Nov-2018 11:42:12.087 INFO [ContainerBackgroundProcessor[StandardEngine[Catalina]]] org.apache.catalina.startup.HostConfig.deployDirectory Deployment of web application directory [/Users/The_Gate/Desktop/apache-tomcat-9.0.13/webapps/.idea] has finished in [33] ms
13-Nov-2018 12:51:18.439 INFO [main] org.apache.catalina.core.StandardServer.await A valid shutdown command was received via the shutdown port. Stopping the Server instance.
13-Nov-2018 12:51:18.439 INFO [main] org.apache.coyote.AbstractProtocol.pause Pausing ProtocolHandler ["http-nio-8080"]
13-Nov-2018 12:51:18.448 INFO [main] org.apache.coyote.AbstractProtocol.pause Pausing ProtocolHandler ["ajp-nio-8009"]
13-Nov-2018 12:51:18.455 INFO [main] org.apache.catalina.core.StandardService.stopInternal Stopping service [Catalina]
13-Nov-2018 12:51:18.500 INFO [main] org.apache.coyote.AbstractProtocol.stop Stopping ProtocolHandler ["http-nio-8080"]
13-Nov-2018 12:51:18.504 INFO [main] org.apache.coyote.AbstractProtocol.stop Stopping ProtocolHandler ["ajp-nio-8009"]
13-Nov-2018 12:51:18.507 INFO [main] org.apache.coyote.AbstractProtocol.destroy Destroying ProtocolHandler ["http-nio-8080"]
13-Nov-2018 12:51:18.508 INFO [main] org.apache.coyote.AbstractProtocol.destroy Destroying ProtocolHandler ["ajp-nio-8009"]
13-Nov-2018 18:16:58.662 INFO [main] org.apache.catalina.startup.VersionLoggerListener.log Server version:        Apache Tomcat/9.0.13
13-Nov-2018 18:16:58.666 INFO [main] org.apache.catalina.startup.VersionLoggerListener.log Server built:          Nov 2 2018 14:27:55 UTC
13-Nov-2018 18:16:58.666 INFO [main] org.apache.catalina.startup.VersionLoggerListener.log Server number:         9.0.13.0
13-Nov-2018 18:16:58.667 INFO [main] org.apache.catalina.startup.VersionLoggerListener.log OS Name:               Mac OS X
13-Nov-2018 18:16:58.667 INFO [main] org.apache.catalina.startup.VersionLoggerListener.log OS Version:            10.14
13-Nov-2018 18:16:58.667 INFO [main] org.apache.catalina.startup.VersionLoggerListener.log Architecture:          x86_64
13-Nov-2018 18:16:58.667 INFO [main] org.apache.catalina.startup.VersionLoggerListener.log Java Home:             /Library/Java/JavaVirtualMachines/jdk-11.0.1.jdk/Contents/Home
13-Nov-2018 18:16:58.667 INFO [main] org.apache.catalina.startup.VersionLoggerListener.log JVM Version:           11.0.1+13-LTS
13-Nov-2018 18:16:58.667 INFO [main] org.apache.catalina.startup.VersionLoggerListener.log JVM Vendor:            Oracle Corporation
13-Nov-2018 18:16:58.667 INFO [main] org.apache.catalina.startup.VersionLoggerListener.log CATALINA_BASE:         /Users/The_Gate/Desktop/apache-tomcat-9.0.13
13-Nov-2018 18:16:58.668 INFO [main] org.apache.catalina.startup.VersionLoggerListener.log CATALINA_HOME:         /Users/The_Gate/Desktop/apache-tomcat-9.0.13
13-Nov-2018 18:16:58.671 INFO [main] org.apache.catalina.startup.VersionLoggerListener.log Command line argument: --add-opens=java.base/java.lang=ALL-UNNAMED
13-Nov-2018 18:16:58.671 INFO [main] org.apache.catalina.startup.VersionLoggerListener.log Command line argument: --add-opens=java.base/java.io=ALL-UNNAMED
13-Nov-2018 18:16:58.671 INFO [main] org.apache.catalina.startup.VersionLoggerListener.log Command line argument: --add-opens=java.rmi/sun.rmi.transport=ALL-UNNAMED
13-Nov-2018 18:16:58.671 INFO [main] org.apache.catalina.startup.VersionLoggerListener.log Command line argument: -Djava.util.logging.config.file=/Users/The_Gate/Desktop/apache-tomcat-9.0.13/conf/logging.properties
13-Nov-2018 18:16:58.672 INFO [main] org.apache.catalina.startup.VersionLoggerListener.log Command line argument: -Djava.util.logging.manager=org.apache.juli.ClassLoaderLogManager
13-Nov-2018 18:16:58.672 INFO [main] org.apache.catalina.startup.VersionLoggerListener.log Command line argument: -Djdk.tls.ephemeralDHKeySize=2048
13-Nov-2018 18:16:58.672 INFO [main] org.apache.catalina.startup.VersionLoggerListener.log Command line argument: -Djava.protocol.handler.pkgs=org.apache.catalina.webresources
13-Nov-2018 18:16:58.672 INFO [main] org.apache.catalina.startup.VersionLoggerListener.log Command line argument: -Dorg.apache.catalina.security.SecurityListener.UMASK=0027
13-Nov-2018 18:16:58.672 INFO [main] org.apache.catalina.startup.VersionLoggerListener.log Command line argument: -Dignore.endorsed.dirs=
13-Nov-2018 18:16:58.672 INFO [main] org.apache.catalina.startup.VersionLoggerListener.log Command line argument: -Dcatalina.base=/Users/The_Gate/Desktop/apache-tomcat-9.0.13
13-Nov-2018 18:16:58.672 INFO [main] org.apache.catalina.startup.VersionLoggerListener.log Command line argument: -Dcatalina.home=/Users/The_Gate/Desktop/apache-tomcat-9.0.13
13-Nov-2018 18:16:58.672 INFO [main] org.apache.catalina.startup.VersionLoggerListener.log Command line argument: -Djava.io.tmpdir=/Users/The_Gate/Desktop/apache-tomcat-9.0.13/temp
13-Nov-2018 18:16:58.673 INFO [main] org.apache.catalina.core.AprLifecycleListener.lifecycleEvent The APR based Apache Tomcat Native library which allows optimal performance in production environments was not found on the java.library.path: [/Users/The_Gate/Library/Java/Extensions:/Library/Java/Extensions:/Network/Library/Java/Extensions:/System/Library/Java/Extensions:/usr/lib/java:.]
13-Nov-2018 18:16:58.714 INFO [main] org.apache.coyote.AbstractProtocol.init Initializing ProtocolHandler ["http-nio-8080"]
13-Nov-2018 18:16:58.742 INFO [main] org.apache.tomcat.util.net.NioSelectorPool.getSharedSelector Using a shared selector for servlet write/read
13-Nov-2018 18:16:58.753 INFO [main] org.apache.coyote.AbstractProtocol.init Initializing ProtocolHandler ["ajp-nio-8009"]
13-Nov-2018 18:16:58.754 INFO [main] org.apache.tomcat.util.net.NioSelectorPool.getSharedSelector Using a shared selector for servlet write/read
13-Nov-2018 18:16:58.755 INFO [main] org.apache.catalina.startup.Catalina.load Initialization processed in 573 ms
13-Nov-2018 18:16:58.804 INFO [main] org.apache.catalina.core.StandardService.startInternal Starting service [Catalina]
13-Nov-2018 18:16:58.805 INFO [main] org.apache.catalina.core.StandardEngine.startInternal Starting Servlet Engine: Apache Tomcat/9.0.13
13-Nov-2018 18:16:58.812 INFO [main] org.apache.catalina.startup.HostConfig.deployDirectory Deploying web application directory [/Users/The_Gate/Desktop/apache-tomcat-9.0.13/webapps/docs]
13-Nov-2018 18:16:59.134 INFO [main] org.apache.catalina.startup.HostConfig.deployDirectory Deployment of web application directory [/Users/The_Gate/Desktop/apache-tomcat-9.0.13/webapps/docs] has finished in [323] ms
13-Nov-2018 18:16:59.135 INFO [main] org.apache.catalina.startup.HostConfig.deployDirectory Deploying web application directory [/Users/The_Gate/Desktop/apache-tomcat-9.0.13/webapps/manager]
13-Nov-2018 18:16:59.164 INFO [main] org.apache.catalina.startup.HostConfig.deployDirectory Deployment of web application directory [/Users/The_Gate/Desktop/apache-tomcat-9.0.13/webapps/manager] has finished in [28] ms
13-Nov-2018 18:16:59.164 INFO [main] org.apache.catalina.startup.HostConfig.deployDirectory Deploying web application directory [/Users/The_Gate/Desktop/apache-tomcat-9.0.13/webapps/examples]
13-Nov-2018 18:16:59.397 INFO [main] org.apache.catalina.startup.HostConfig.deployDirectory Deployment of web application directory [/Users/The_Gate/Desktop/apache-tomcat-9.0.13/webapps/examples] has finished in [233] ms
13-Nov-2018 18:16:59.397 INFO [main] org.apache.catalina.startup.HostConfig.deployDirectory Deploying web application directory [/Users/The_Gate/Desktop/apache-tomcat-9.0.13/webapps/ROOT]
13-Nov-2018 18:16:59.412 INFO [main] org.apache.catalina.startup.HostConfig.deployDirectory Deployment of web application directory [/Users/The_Gate/Desktop/apache-tomcat-9.0.13/webapps/ROOT] has finished in [15] ms
13-Nov-2018 18:16:59.412 INFO [main] org.apache.catalina.startup.HostConfig.deployDirectory Deploying web application directory [/Users/The_Gate/Desktop/apache-tomcat-9.0.13/webapps/host-manager]
13-Nov-2018 18:16:59.432 INFO [main] org.apache.catalina.startup.HostConfig.deployDirectory Deployment of web application directory [/Users/The_Gate/Desktop/apache-tomcat-9.0.13/webapps/host-manager] has finished in [20] ms
13-Nov-2018 18:16:59.433 INFO [main] org.apache.catalina.startup.HostConfig.deployDirectory Deploying web application directory [/Users/The_Gate/Desktop/apache-tomcat-9.0.13/webapps/.idea]
13-Nov-2018 18:16:59.464 INFO [main] org.apache.catalina.startup.HostConfig.deployDirectory Deployment of web application directory [/Users/The_Gate/Desktop/apache-tomcat-9.0.13/webapps/.idea] has finished in [31] ms
13-Nov-2018 18:16:59.466 INFO [main] org.apache.coyote.AbstractProtocol.start Starting ProtocolHandler ["http-nio-8080"]
13-Nov-2018 18:16:59.474 INFO [main] org.apache.coyote.AbstractProtocol.start Starting ProtocolHandler ["ajp-nio-8009"]
13-Nov-2018 18:16:59.476 INFO [main] org.apache.catalina.startup.Catalina.start Server startup in 721 ms
13-Nov-2018 18:17:02.512 SEVERE [http-nio-8080-exec-1] org.apache.jsp.index_jsp._jspService Log Test 2
13-Nov-2018 18:17:02.515 WARNING [http-nio-8080-exec-1] org.apache.jsp.index_jsp._jspService Log Test 2
13-Nov-2018 18:17:02.516 INFO [http-nio-8080-exec-1] org.apache.jsp.index_jsp._jspService Log Test 2
13-Nov-2018 18:18:30.906 WARNING [main] org.apache.catalina.core.StandardServer.await StandardServer.await: Invalid command 'GET / HTTP/1.1' received
13-Nov-2018 18:18:31.006 WARNING [main] org.apache.catalina.core.StandardServer.await StandardServer.await: Invalid command 'GET / HTTP/1.1' received
13-Nov-2018 18:18:31.208 WARNING [main] org.apache.catalina.core.StandardServer.await StandardServer.await: Invalid command 'GET / HTTP/1.1' received
13-Nov-2018 18:18:31.209 WARNING [main] org.apache.catalina.core.StandardServer.await StandardServer.await: Invalid command 'GET / HTTP/1.1' received
13-Nov-2018 18:18:31.210 WARNING [main] org.apache.catalina.core.StandardServer.await StandardServer.await: Invalid command 'GET / HTTP/1.1' received
13-Nov-2018 18:18:38.968 WARNING [main] org.apache.catalina.core.StandardServer.await StandardServer.await: Invalid command 'GET / HTTP/1.1' received
13-Nov-2018 18:18:38.968 WARNING [main] org.apache.catalina.core.StandardServer.await StandardServer.await: Invalid command 'GET / HTTP/1.1' received
13-Nov-2018 18:18:44.010 WARNING [main] org.apache.catalina.core.StandardServer.await StandardServer.await: Invalid command 'GET / HTTP/1.1' received
13-Nov-2018 18:18:44.011 WARNING [main] org.apache.catalina.core.StandardServer.await StandardServer.await: Invalid command 'GET / HTTP/1.1' received
13-Nov-2018 18:18:44.013 WARNING [main] org.apache.catalina.core.StandardServer.await StandardServer.await: Invalid command 'GET / HTTP/1.1' received
13-Nov-2018 18:18:54.110 INFO [main] org.apache.catalina.core.StandardServer.await A valid shutdown command was received via the shutdown port. Stopping the Server instance.
13-Nov-2018 18:18:54.111 INFO [main] org.apache.coyote.AbstractProtocol.pause Pausing ProtocolHandler ["http-nio-8080"]
13-Nov-2018 18:18:54.119 INFO [main] org.apache.coyote.AbstractProtocol.pause Pausing ProtocolHandler ["ajp-nio-8009"]
13-Nov-2018 18:18:54.127 INFO [main] org.apache.catalina.core.StandardService.stopInternal Stopping service [Catalina]
13-Nov-2018 18:18:54.156 INFO [main] org.apache.coyote.AbstractProtocol.stop Stopping ProtocolHandler ["http-nio-8080"]
13-Nov-2018 18:18:54.159 INFO [main] org.apache.coyote.AbstractProtocol.stop Stopping ProtocolHandler ["ajp-nio-8009"]
13-Nov-2018 18:18:54.161 INFO [main] org.apache.coyote.AbstractProtocol.destroy Destroying ProtocolHandler ["http-nio-8080"]
13-Nov-2018 18:18:54.163 INFO [main] org.apache.coyote.AbstractProtocol.destroy Destroying ProtocolHandler ["ajp-nio-8009"]
13-Nov-2018 18:32:48.002 INFO [main] org.apache.catalina.startup.VersionLoggerListener.log Server version:        Apache Tomcat/9.0.13
13-Nov-2018 18:32:48.006 INFO [main] org.apache.catalina.startup.VersionLoggerListener.log Server built:          Nov 2 2018 14:27:55 UTC
13-Nov-2018 18:32:48.006 INFO [main] org.apache.catalina.startup.VersionLoggerListener.log Server number:         9.0.13.0
13-Nov-2018 18:32:48.006 INFO [main] org.apache.catalina.startup.VersionLoggerListener.log OS Name:               Mac OS X
13-Nov-2018 18:32:48.007 INFO [main] org.apache.catalina.startup.VersionLoggerListener.log OS Version:            10.14
13-Nov-2018 18:32:48.007 INFO [main] org.apache.catalina.startup.VersionLoggerListener.log Architecture:          x86_64
13-Nov-2018 18:32:48.007 INFO [main] org.apache.catalina.startup.VersionLoggerListener.log Java Home:             /Library/Java/JavaVirtualMachines/jdk-11.0.1.jdk/Contents/Home
13-Nov-2018 18:32:48.007 INFO [main] org.apache.catalina.startup.VersionLoggerListener.log JVM Version:           11.0.1+13-LTS
13-Nov-2018 18:32:48.007 INFO [main] org.apache.catalina.startup.VersionLoggerListener.log JVM Vendor:            Oracle Corporation
13-Nov-2018 18:32:48.008 INFO [main] org.apache.catalina.startup.VersionLoggerListener.log CATALINA_BASE:         /Users/The_Gate/Desktop/apache-tomcat-9.0.13
13-Nov-2018 18:32:48.008 INFO [main] org.apache.catalina.startup.VersionLoggerListener.log CATALINA_HOME:         /Users/The_Gate/Desktop/apache-tomcat-9.0.13
13-Nov-2018 18:32:48.011 INFO [main] org.apache.catalina.startup.VersionLoggerListener.log Command line argument: --add-opens=java.base/java.lang=ALL-UNNAMED
13-Nov-2018 18:32:48.011 INFO [main] org.apache.catalina.startup.VersionLoggerListener.log Command line argument: --add-opens=java.base/java.io=ALL-UNNAMED
13-Nov-2018 18:32:48.011 INFO [main] org.apache.catalina.startup.VersionLoggerListener.log Command line argument: --add-opens=java.rmi/sun.rmi.transport=ALL-UNNAMED
13-Nov-2018 18:32:48.011 INFO [main] org.apache.catalina.startup.VersionLoggerListener.log Command line argument: -Djava.util.logging.config.file=/Users/The_Gate/Desktop/apache-tomcat-9.0.13/conf/logging.properties
13-Nov-2018 18:32:48.012 INFO [main] org.apache.catalina.startup.VersionLoggerListener.log Command line argument: -Djava.util.logging.manager=org.apache.juli.ClassLoaderLogManager
13-Nov-2018 18:32:48.012 INFO [main] org.apache.catalina.startup.VersionLoggerListener.log Command line argument: -Djdk.tls.ephemeralDHKeySize=2048
13-Nov-2018 18:32:48.012 INFO [main] org.apache.catalina.startup.VersionLoggerListener.log Command line argument: -Djava.protocol.handler.pkgs=org.apache.catalina.webresources
13-Nov-2018 18:32:48.012 INFO [main] org.apache.catalina.startup.VersionLoggerListener.log Command line argument: -Dorg.apache.catalina.security.SecurityListener.UMASK=0027
13-Nov-2018 18:32:48.012 INFO [main] org.apache.catalina.startup.VersionLoggerListener.log Command line argument: -Dignore.endorsed.dirs=
13-Nov-2018 18:32:48.012 INFO [main] org.apache.catalina.startup.VersionLoggerListener.log Command line argument: -Dcatalina.base=/Users/The_Gate/Desktop/apache-tomcat-9.0.13
13-Nov-2018 18:32:48.012 INFO [main] org.apache.catalina.startup.VersionLoggerListener.log Command line argument: -Dcatalina.home=/Users/The_Gate/Desktop/apache-tomcat-9.0.13
13-Nov-2018 18:32:48.013 INFO [main] org.apache.catalina.startup.VersionLoggerListener.log Command line argument: -Djava.io.tmpdir=/Users/The_Gate/Desktop/apache-tomcat-9.0.13/temp
13-Nov-2018 18:32:48.013 INFO [main] org.apache.catalina.core.AprLifecycleListener.lifecycleEvent The APR based Apache Tomcat Native library which allows optimal performance in production environments was not found on the java.library.path: [/Users/The_Gate/Library/Java/Extensions:/Library/Java/Extensions:/Network/Library/Java/Extensions:/System/Library/Java/Extensions:/usr/lib/java:.]
13-Nov-2018 18:32:48.062 INFO [main] org.apache.coyote.AbstractProtocol.init Initializing ProtocolHandler ["http-nio-8080"]
13-Nov-2018 18:32:48.096 INFO [main] org.apache.tomcat.util.net.NioSelectorPool.getSharedSelector Using a shared selector for servlet write/read
13-Nov-2018 18:32:48.113 INFO [main] org.apache.coyote.AbstractProtocol.init Initializing ProtocolHandler ["ajp-nio-8009"]
13-Nov-2018 18:32:48.115 INFO [main] org.apache.tomcat.util.net.NioSelectorPool.getSharedSelector Using a shared selector for servlet write/read
13-Nov-2018 18:32:48.116 INFO [main] org.apache.catalina.startup.Catalina.load Initialization processed in 592 ms
13-Nov-2018 18:32:48.186 INFO [main] org.apache.catalina.core.StandardService.startInternal Starting service [Catalina]
13-Nov-2018 18:32:48.187 INFO [main] org.apache.catalina.core.StandardEngine.startInternal Starting Servlet Engine: Apache Tomcat/9.0.13
13-Nov-2018 18:32:48.197 INFO [main] org.apache.catalina.startup.HostConfig.deployDirectory Deploying web application directory [/Users/The_Gate/Desktop/apache-tomcat-9.0.13/webapps/docs]
13-Nov-2018 18:32:48.618 INFO [main] org.apache.catalina.startup.HostConfig.deployDirectory Deployment of web application directory [/Users/The_Gate/Desktop/apache-tomcat-9.0.13/webapps/docs] has finished in [419] ms
13-Nov-2018 18:32:48.618 INFO [main] org.apache.catalina.startup.HostConfig.deployDirectory Deploying web application directory [/Users/The_Gate/Desktop/apache-tomcat-9.0.13/webapps/manager]
13-Nov-2018 18:32:48.660 INFO [main] org.apache.catalina.startup.HostConfig.deployDirectory Deployment of web application directory [/Users/The_Gate/Desktop/apache-tomcat-9.0.13/webapps/manager] has finished in [41] ms
13-Nov-2018 18:32:48.660 INFO [main] org.apache.catalina.startup.HostConfig.deployDirectory Deploying web application directory [/Users/The_Gate/Desktop/apache-tomcat-9.0.13/webapps/examples]
13-Nov-2018 18:32:48.931 INFO [main] org.apache.catalina.startup.HostConfig.deployDirectory Deployment of web application directory [/Users/The_Gate/Desktop/apache-tomcat-9.0.13/webapps/examples] has finished in [270] ms
13-Nov-2018 18:32:48.931 INFO [main] org.apache.catalina.startup.HostConfig.deployDirectory Deploying web application directory [/Users/The_Gate/Desktop/apache-tomcat-9.0.13/webapps/ROOT]
13-Nov-2018 18:32:48.949 INFO [main] org.apache.catalina.startup.HostConfig.deployDirectory Deployment of web application directory [/Users/The_Gate/Desktop/apache-tomcat-9.0.13/webapps/ROOT] has finished in [18] ms
13-Nov-2018 18:32:48.949 INFO [main] org.apache.catalina.startup.HostConfig.deployDirectory Deploying web application directory [/Users/The_Gate/Desktop/apache-tomcat-9.0.13/webapps/host-manager]
13-Nov-2018 18:32:48.974 INFO [main] org.apache.catalina.startup.HostConfig.deployDirectory Deployment of web application directory [/Users/The_Gate/Desktop/apache-tomcat-9.0.13/webapps/host-manager] has finished in [25] ms
13-Nov-2018 18:32:48.975 INFO [main] org.apache.catalina.startup.HostConfig.deployDirectory Deploying web application directory [/Users/The_Gate/Desktop/apache-tomcat-9.0.13/webapps/.idea]
13-Nov-2018 18:32:49.013 INFO [main] org.apache.catalina.startup.HostConfig.deployDirectory Deployment of web application directory [/Users/The_Gate/Desktop/apache-tomcat-9.0.13/webapps/.idea] has finished in [37] ms
13-Nov-2018 18:32:49.015 INFO [main] org.apache.coyote.AbstractProtocol.start Starting ProtocolHandler ["http-nio-8080"]
13-Nov-2018 18:32:49.025 INFO [main] org.apache.coyote.AbstractProtocol.start Starting ProtocolHandler ["ajp-nio-8009"]
13-Nov-2018 18:32:49.028 INFO [main] org.apache.catalina.startup.Catalina.start Server startup in 911 ms
13-Nov-2018 18:32:50.359 SEVERE [http-nio-8080-exec-1] org.apache.jsp.index_jsp._jspService Log Test 2
13-Nov-2018 18:32:50.363 WARNING [http-nio-8080-exec-1] org.apache.jsp.index_jsp._jspService Log Test 2
13-Nov-2018 18:32:50.364 INFO [http-nio-8080-exec-1] org.apache.jsp.index_jsp._jspService Log Test 2
13-Nov-2018 20:07:32.412 INFO [main] org.apache.catalina.core.StandardServer.await A valid shutdown command was received via the shutdown port. Stopping the Server instance.
13-Nov-2018 20:07:32.413 INFO [main] org.apache.coyote.AbstractProtocol.pause Pausing ProtocolHandler ["http-nio-8080"]
13-Nov-2018 20:07:32.424 INFO [main] org.apache.coyote.AbstractProtocol.pause Pausing ProtocolHandler ["ajp-nio-8009"]
13-Nov-2018 20:07:32.431 INFO [main] org.apache.catalina.core.StandardService.stopInternal Stopping service [Catalina]
13-Nov-2018 20:07:32.455 INFO [main] org.apache.coyote.AbstractProtocol.stop Stopping ProtocolHandler ["http-nio-8080"]
13-Nov-2018 20:07:32.458 INFO [main] org.apache.coyote.AbstractProtocol.stop Stopping ProtocolHandler ["ajp-nio-8009"]
13-Nov-2018 20:07:32.460 INFO [main] org.apache.coyote.AbstractProtocol.destroy Destroying ProtocolHandler ["http-nio-8080"]
13-Nov-2018 20:07:32.461 INFO [main] org.apache.coyote.AbstractProtocol.destroy Destroying ProtocolHandler ["ajp-nio-8009"]
13-Nov-2018 20:15:39.237 INFO [main] org.apache.catalina.startup.VersionLoggerListener.log Server version:        Apache Tomcat/9.0.13
13-Nov-2018 20:15:39.243 INFO [main] org.apache.catalina.startup.VersionLoggerListener.log Server built:          Nov 2 2018 14:27:55 UTC
13-Nov-2018 20:15:39.243 INFO [main] org.apache.catalina.startup.VersionLoggerListener.log Server number:         9.0.13.0
13-Nov-2018 20:15:39.243 INFO [main] org.apache.catalina.startup.VersionLoggerListener.log OS Name:               Mac OS X
13-Nov-2018 20:15:39.243 INFO [main] org.apache.catalina.startup.VersionLoggerListener.log OS Version:            10.14
13-Nov-2018 20:15:39.244 INFO [main] org.apache.catalina.startup.VersionLoggerListener.log Architecture:          x86_64
13-Nov-2018 20:15:39.244 INFO [main] org.apache.catalina.startup.VersionLoggerListener.log Java Home:             /Library/Java/JavaVirtualMachines/jdk-11.0.1.jdk/Contents/Home
13-Nov-2018 20:15:39.244 INFO [main] org.apache.catalina.startup.VersionLoggerListener.log JVM Version:           11.0.1+13-LTS
13-Nov-2018 20:15:39.244 INFO [main] org.apache.catalina.startup.VersionLoggerListener.log JVM Vendor:            Oracle Corporation
13-Nov-2018 20:15:39.244 INFO [main] org.apache.catalina.startup.VersionLoggerListener.log CATALINA_BASE:         /Users/The_Gate/Desktop/apache-tomcat-9.0.13
13-Nov-2018 20:15:39.245 INFO [main] org.apache.catalina.startup.VersionLoggerListener.log CATALINA_HOME:         /Users/The_Gate/Desktop/apache-tomcat-9.0.13
13-Nov-2018 20:15:39.248 INFO [main] org.apache.catalina.startup.VersionLoggerListener.log Command line argument: --add-opens=java.base/java.lang=ALL-UNNAMED
13-Nov-2018 20:15:39.249 INFO [main] org.apache.catalina.startup.VersionLoggerListener.log Command line argument: --add-opens=java.base/java.io=ALL-UNNAMED
13-Nov-2018 20:15:39.249 INFO [main] org.apache.catalina.startup.VersionLoggerListener.log Command line argument: --add-opens=java.rmi/sun.rmi.transport=ALL-UNNAMED
13-Nov-2018 20:15:39.249 INFO [main] org.apache.catalina.startup.VersionLoggerListener.log Command line argument: -Djava.util.logging.config.file=/Users/The_Gate/Desktop/apache-tomcat-9.0.13/conf/logging.properties
13-Nov-2018 20:15:39.249 INFO [main] org.apache.catalina.startup.VersionLoggerListener.log Command line argument: -Djava.util.logging.manager=org.apache.juli.ClassLoaderLogManager
13-Nov-2018 20:15:39.250 INFO [main] org.apache.catalina.startup.VersionLoggerListener.log Command line argument: -Djdk.tls.ephemeralDHKeySize=2048
13-Nov-2018 20:15:39.250 INFO [main] org.apache.catalina.startup.VersionLoggerListener.log Command line argument: -Djava.protocol.handler.pkgs=org.apache.catalina.webresources
13-Nov-2018 20:15:39.251 INFO [main] org.apache.catalina.startup.VersionLoggerListener.log Command line argument: -Dorg.apache.catalina.security.SecurityListener.UMASK=0027
13-Nov-2018 20:15:39.251 INFO [main] org.apache.catalina.startup.VersionLoggerListener.log Command line argument: -Dignore.endorsed.dirs=
13-Nov-2018 20:15:39.251 INFO [main] org.apache.catalina.startup.VersionLoggerListener.log Command line argument: -Dcatalina.base=/Users/The_Gate/Desktop/apache-tomcat-9.0.13
13-Nov-2018 20:15:39.252 INFO [main] org.apache.catalina.startup.VersionLoggerListener.log Command line argument: -Dcatalina.home=/Users/The_Gate/Desktop/apache-tomcat-9.0.13
13-Nov-2018 20:15:39.252 INFO [main] org.apache.catalina.startup.VersionLoggerListener.log Command line argument: -Djava.io.tmpdir=/Users/The_Gate/Desktop/apache-tomcat-9.0.13/temp
13-Nov-2018 20:15:39.252 INFO [main] org.apache.catalina.core.AprLifecycleListener.lifecycleEvent The APR based Apache Tomcat Native library which allows optimal performance in production environments was not found on the java.library.path: [/Users/The_Gate/Library/Java/Extensions:/Library/Java/Extensions:/Network/Library/Java/Extensions:/System/Library/Java/Extensions:/usr/lib/java:.]
13-Nov-2018 20:15:39.317 INFO [main] org.apache.coyote.AbstractProtocol.init Initializing ProtocolHandler ["http-nio-8080"]
13-Nov-2018 20:15:39.355 INFO [main] org.apache.tomcat.util.net.NioSelectorPool.getSharedSelector Using a shared selector for servlet write/read
13-Nov-2018 20:15:39.374 INFO [main] org.apache.coyote.AbstractProtocol.init Initializing ProtocolHandler ["ajp-nio-8009"]
13-Nov-2018 20:15:39.376 INFO [main] org.apache.tomcat.util.net.NioSelectorPool.getSharedSelector Using a shared selector for servlet write/read
13-Nov-2018 20:15:39.376 INFO [main] org.apache.catalina.startup.Catalina.load Initialization processed in 669 ms
13-Nov-2018 20:15:39.455 INFO [main] org.apache.catalina.core.StandardService.startInternal Starting service [Catalina]
13-Nov-2018 20:15:39.456 INFO [main] org.apache.catalina.core.StandardEngine.startInternal Starting Servlet Engine: Apache Tomcat/9.0.13
13-Nov-2018 20:15:39.465 INFO [main] org.apache.catalina.startup.HostConfig.deployDirectory Deploying web application directory [/Users/The_Gate/Desktop/apache-tomcat-9.0.13/webapps/docs]
13-Nov-2018 20:15:39.926 INFO [main] org.apache.catalina.startup.HostConfig.deployDirectory Deployment of web application directory [/Users/The_Gate/Desktop/apache-tomcat-9.0.13/webapps/docs] has finished in [460] ms
13-Nov-2018 20:15:39.926 INFO [main] org.apache.catalina.startup.HostConfig.deployDirectory Deploying web application directory [/Users/The_Gate/Desktop/apache-tomcat-9.0.13/webapps/manager]
13-Nov-2018 20:15:39.963 INFO [main] org.apache.catalina.startup.HostConfig.deployDirectory Deployment of web application directory [/Users/The_Gate/Desktop/apache-tomcat-9.0.13/webapps/manager] has finished in [37] ms
13-Nov-2018 20:15:39.963 INFO [main] org.apache.catalina.startup.HostConfig.deployDirectory Deploying web application directory [/Users/The_Gate/Desktop/apache-tomcat-9.0.13/webapps/examples]
13-Nov-2018 20:15:40.246 INFO [main] org.apache.catalina.startup.HostConfig.deployDirectory Deployment of web application directory [/Users/The_Gate/Desktop/apache-tomcat-9.0.13/webapps/examples] has finished in [283] ms
13-Nov-2018 20:15:40.246 INFO [main] org.apache.catalina.startup.HostConfig.deployDirectory Deploying web application directory [/Users/The_Gate/Desktop/apache-tomcat-9.0.13/webapps/ROOT]
13-Nov-2018 20:15:40.277 INFO [main] org.apache.catalina.startup.HostConfig.deployDirectory Deployment of web application directory [/Users/The_Gate/Desktop/apache-tomcat-9.0.13/webapps/ROOT] has finished in [31] ms
13-Nov-2018 20:15:40.278 INFO [main] org.apache.catalina.startup.HostConfig.deployDirectory Deploying web application directory [/Users/The_Gate/Desktop/apache-tomcat-9.0.13/webapps/host-manager]
13-Nov-2018 20:15:40.308 INFO [main] org.apache.catalina.startup.HostConfig.deployDirectory Deployment of web application directory [/Users/The_Gate/Desktop/apache-tomcat-9.0.13/webapps/host-manager] has finished in [30] ms
13-Nov-2018 20:15:40.309 INFO [main] org.apache.catalina.startup.HostConfig.deployDirectory Deploying web application directory [/Users/The_Gate/Desktop/apache-tomcat-9.0.13/webapps/.idea]
13-Nov-2018 20:15:40.341 INFO [main] org.apache.catalina.startup.HostConfig.deployDirectory Deployment of web application directory [/Users/The_Gate/Desktop/apache-tomcat-9.0.13/webapps/.idea] has finished in [32] ms
13-Nov-2018 20:15:40.344 INFO [main] org.apache.coyote.AbstractProtocol.start Starting ProtocolHandler ["http-nio-8080"]
13-Nov-2018 20:15:40.354 INFO [main] org.apache.coyote.AbstractProtocol.start Starting ProtocolHandler ["ajp-nio-8009"]
13-Nov-2018 20:15:40.356 INFO [main] org.apache.catalina.startup.Catalina.start Server startup in 979 ms
13-Nov-2018 20:16:20.415 SEVERE [http-nio-8080-exec-1] org.apache.jsp.index_jsp._jspService Log Test 2
13-Nov-2018 20:16:20.420 WARNING [http-nio-8080-exec-1] org.apache.jsp.index_jsp._jspService Log Test 2
13-Nov-2018 20:16:20.420 INFO [http-nio-8080-exec-1] org.apache.jsp.index_jsp._jspService Log Test 2
13-Nov-2018 20:16:34.011 INFO [main] org.apache.catalina.core.StandardServer.await A valid shutdown command was received via the shutdown port. Stopping the Server instance.
13-Nov-2018 20:16:34.012 INFO [main] org.apache.coyote.AbstractProtocol.pause Pausing ProtocolHandler ["http-nio-8080"]
13-Nov-2018 20:16:34.021 INFO [main] org.apache.coyote.AbstractProtocol.pause Pausing ProtocolHandler ["ajp-nio-8009"]
13-Nov-2018 20:16:34.027 INFO [main] org.apache.catalina.core.StandardService.stopInternal Stopping service [Catalina]
13-Nov-2018 20:16:34.057 INFO [main] org.apache.coyote.AbstractProtocol.stop Stopping ProtocolHandler ["http-nio-8080"]
13-Nov-2018 20:16:34.061 INFO [main] org.apache.coyote.AbstractProtocol.stop Stopping ProtocolHandler ["ajp-nio-8009"]
13-Nov-2018 20:16:34.063 INFO [main] org.apache.coyote.AbstractProtocol.destroy Destroying ProtocolHandler ["http-nio-8080"]
13-Nov-2018 20:16:34.064 INFO [main] org.apache.coyote.AbstractProtocol.destroy Destroying ProtocolHandler ["ajp-nio-8009"]
13-Nov-2018 23:33:23.942 INFO [main] org.apache.catalina.startup.VersionLoggerListener.log Server version:        Apache Tomcat/9.0.13
13-Nov-2018 23:33:23.946 INFO [main] org.apache.catalina.startup.VersionLoggerListener.log Server built:          Nov 2 2018 14:27:55 UTC
13-Nov-2018 23:33:23.947 INFO [main] org.apache.catalina.startup.VersionLoggerListener.log Server number:         9.0.13.0
13-Nov-2018 23:33:23.947 INFO [main] org.apache.catalina.startup.VersionLoggerListener.log OS Name:               Mac OS X
13-Nov-2018 23:33:23.947 INFO [main] org.apache.catalina.startup.VersionLoggerListener.log OS Version:            10.14.1
13-Nov-2018 23:33:23.947 INFO [main] org.apache.catalina.startup.VersionLoggerListener.log Architecture:          x86_64
13-Nov-2018 23:33:23.948 INFO [main] org.apache.catalina.startup.VersionLoggerListener.log Java Home:             /Library/Java/JavaVirtualMachines/jdk-11.0.1.jdk/Contents/Home
13-Nov-2018 23:33:23.948 INFO [main] org.apache.catalina.startup.VersionLoggerListener.log JVM Version:           11.0.1+13-LTS
13-Nov-2018 23:33:23.948 INFO [main] org.apache.catalina.startup.VersionLoggerListener.log JVM Vendor:            Oracle Corporation
13-Nov-2018 23:33:23.948 INFO [main] org.apache.catalina.startup.VersionLoggerListener.log CATALINA_BASE:         /Users/The_Gate/Desktop/apache-tomcat-9.0.13
13-Nov-2018 23:33:23.948 INFO [main] org.apache.catalina.startup.VersionLoggerListener.log CATALINA_HOME:         /Users/The_Gate/Desktop/apache-tomcat-9.0.13
13-Nov-2018 23:33:23.951 INFO [main] org.apache.catalina.startup.VersionLoggerListener.log Command line argument: --add-opens=java.base/java.lang=ALL-UNNAMED
13-Nov-2018 23:33:23.951 INFO [main] org.apache.catalina.startup.VersionLoggerListener.log Command line argument: --add-opens=java.base/java.io=ALL-UNNAMED
13-Nov-2018 23:33:23.951 INFO [main] org.apache.catalina.startup.VersionLoggerListener.log Command line argument: --add-opens=java.rmi/sun.rmi.transport=ALL-UNNAMED
13-Nov-2018 23:33:23.951 INFO [main] org.apache.catalina.startup.VersionLoggerListener.log Command line argument: -Djava.util.logging.config.file=/Users/The_Gate/Desktop/apache-tomcat-9.0.13/conf/logging.properties
13-Nov-2018 23:33:23.952 INFO [main] org.apache.catalina.startup.VersionLoggerListener.log Command line argument: -Djava.util.logging.manager=org.apache.juli.ClassLoaderLogManager
13-Nov-2018 23:33:23.952 INFO [main] org.apache.catalina.startup.VersionLoggerListener.log Command line argument: -Djdk.tls.ephemeralDHKeySize=2048
13-Nov-2018 23:33:23.952 INFO [main] org.apache.catalina.startup.VersionLoggerListener.log Command line argument: -Djava.protocol.handler.pkgs=org.apache.catalina.webresources
13-Nov-2018 23:33:23.952 INFO [main] org.apache.catalina.startup.VersionLoggerListener.log Command line argument: -Dorg.apache.catalina.security.SecurityListener.UMASK=0027
13-Nov-2018 23:33:23.952 INFO [main] org.apache.catalina.startup.VersionLoggerListener.log Command line argument: -Dignore.endorsed.dirs=
13-Nov-2018 23:33:23.952 INFO [main] org.apache.catalina.startup.VersionLoggerListener.log Command line argument: -Dcatalina.base=/Users/The_Gate/Desktop/apache-tomcat-9.0.13
13-Nov-2018 23:33:23.952 INFO [main] org.apache.catalina.startup.VersionLoggerListener.log Command line argument: -Dcatalina.home=/Users/The_Gate/Desktop/apache-tomcat-9.0.13
13-Nov-2018 23:33:23.952 INFO [main] org.apache.catalina.startup.VersionLoggerListener.log Command line argument: -Djava.io.tmpdir=/Users/The_Gate/Desktop/apache-tomcat-9.0.13/temp
13-Nov-2018 23:33:23.953 INFO [main] org.apache.catalina.core.AprLifecycleListener.lifecycleEvent The APR based Apache Tomcat Native library which allows optimal performance in production environments was not found on the java.library.path: [/Users/The_Gate/Library/Java/Extensions:/Library/Java/Extensions:/Network/Library/Java/Extensions:/System/Library/Java/Extensions:/usr/lib/java:.]
13-Nov-2018 23:33:24.001 INFO [main] org.apache.coyote.AbstractProtocol.init Initializing ProtocolHandler ["http-nio-8080"]
13-Nov-2018 23:33:24.030 INFO [main] org.apache.tomcat.util.net.NioSelectorPool.getSharedSelector Using a shared selector for servlet write/read
13-Nov-2018 23:33:24.041 INFO [main] org.apache.coyote.AbstractProtocol.init Initializing ProtocolHandler ["ajp-nio-8009"]
13-Nov-2018 23:33:24.043 INFO [main] org.apache.tomcat.util.net.NioSelectorPool.getSharedSelector Using a shared selector for servlet write/read
13-Nov-2018 23:33:24.043 INFO [main] org.apache.catalina.startup.Catalina.load Initialization processed in 588 ms
13-Nov-2018 23:33:24.100 INFO [main] org.apache.catalina.core.StandardService.startInternal Starting service [Catalina]
13-Nov-2018 23:33:24.100 INFO [main] org.apache.catalina.core.StandardEngine.startInternal Starting Servlet Engine: Apache Tomcat/9.0.13
13-Nov-2018 23:33:24.112 INFO [main] org.apache.catalina.startup.HostConfig.deployDirectory Deploying web application directory [/Users/The_Gate/Desktop/apache-tomcat-9.0.13/webapps/docs]
13-Nov-2018 23:33:24.593 INFO [main] org.apache.catalina.startup.HostConfig.deployDirectory Deployment of web application directory [/Users/The_Gate/Desktop/apache-tomcat-9.0.13/webapps/docs] has finished in [481] ms
13-Nov-2018 23:33:24.594 INFO [main] org.apache.catalina.startup.HostConfig.deployDirectory Deploying web application directory [/Users/The_Gate/Desktop/apache-tomcat-9.0.13/webapps/manager]
13-Nov-2018 23:33:24.630 INFO [main] org.apache.catalina.startup.HostConfig.deployDirectory Deployment of web application directory [/Users/The_Gate/Desktop/apache-tomcat-9.0.13/webapps/manager] has finished in [36] ms
13-Nov-2018 23:33:24.631 INFO [main] org.apache.catalina.startup.HostConfig.deployDirectory Deploying web application directory [/Users/The_Gate/Desktop/apache-tomcat-9.0.13/webapps/examples]
13-Nov-2018 23:33:24.888 INFO [main] org.apache.catalina.startup.HostConfig.deployDirectory Deployment of web application directory [/Users/The_Gate/Desktop/apache-tomcat-9.0.13/webapps/examples] has finished in [258] ms
13-Nov-2018 23:33:24.888 INFO [main] org.apache.catalina.startup.HostConfig.deployDirectory Deploying web application directory [/Users/The_Gate/Desktop/apache-tomcat-9.0.13/webapps/ROOT]
13-Nov-2018 23:33:24.904 INFO [main] org.apache.catalina.startup.HostConfig.deployDirectory Deployment of web application directory [/Users/The_Gate/Desktop/apache-tomcat-9.0.13/webapps/ROOT] has finished in [16] ms
13-Nov-2018 23:33:24.905 INFO [main] org.apache.catalina.startup.HostConfig.deployDirectory Deploying web application directory [/Users/The_Gate/Desktop/apache-tomcat-9.0.13/webapps/host-manager]
13-Nov-2018 23:33:24.928 INFO [main] org.apache.catalina.startup.HostConfig.deployDirectory Deployment of web application directory [/Users/The_Gate/Desktop/apache-tomcat-9.0.13/webapps/host-manager] has finished in [22] ms
13-Nov-2018 23:33:24.928 INFO [main] org.apache.catalina.startup.HostConfig.deployDirectory Deploying web application directory [/Users/The_Gate/Desktop/apache-tomcat-9.0.13/webapps/.idea]
13-Nov-2018 23:33:24.966 INFO [main] org.apache.catalina.startup.HostConfig.deployDirectory Deployment of web application directory [/Users/The_Gate/Desktop/apache-tomcat-9.0.13/webapps/.idea] has finished in [37] ms
13-Nov-2018 23:33:24.972 INFO [main] org.apache.coyote.AbstractProtocol.start Starting ProtocolHandler ["http-nio-8080"]
13-Nov-2018 23:33:24.984 INFO [main] org.apache.coyote.AbstractProtocol.start Starting ProtocolHandler ["ajp-nio-8009"]
13-Nov-2018 23:33:24.987 INFO [main] org.apache.catalina.startup.Catalina.start Server startup in 943 ms
13-Nov-2018 23:34:28.017 SEVERE [http-nio-8080-exec-8] org.apache.jsp.index_jsp._jspService Log Test 2
13-Nov-2018 23:34:28.020 WARNING [http-nio-8080-exec-8] org.apache.jsp.index_jsp._jspService Log Test 2
13-Nov-2018 23:34:28.020 INFO [http-nio-8080-exec-8] org.apache.jsp.index_jsp._jspService Log Test 2
13-Nov-2018 23:39:41.221 INFO [main] org.apache.catalina.core.StandardServer.await A valid shutdown command was received via the shutdown port. Stopping the Server instance.
13-Nov-2018 23:39:41.221 INFO [main] org.apache.coyote.AbstractProtocol.pause Pausing ProtocolHandler ["http-nio-8080"]
13-Nov-2018 23:39:41.229 INFO [main] org.apache.coyote.AbstractProtocol.pause Pausing ProtocolHandler ["ajp-nio-8009"]
13-Nov-2018 23:39:41.236 INFO [main] org.apache.catalina.core.StandardService.stopInternal Stopping service [Catalina]
13-Nov-2018 23:39:41.263 INFO [main] org.apache.coyote.AbstractProtocol.stop Stopping ProtocolHandler ["http-nio-8080"]
13-Nov-2018 23:39:41.266 INFO [main] org.apache.coyote.AbstractProtocol.stop Stopping ProtocolHandler ["ajp-nio-8009"]
13-Nov-2018 23:39:41.270 INFO [main] org.apache.coyote.AbstractProtocol.destroy Destroying ProtocolHandler ["http-nio-8080"]
13-Nov-2018 23:39:41.271 INFO [main] org.apache.coyote.AbstractProtocol.destroy Destroying ProtocolHandler ["ajp-nio-8009"]
