NOTE: Picked up JDK_JAVA_OPTIONS:  --add-opens=java.base/java.lang=ALL-UNNAMED --add-opens=java.base/java.io=ALL-UNNAMED --add-opens=java.rmi/sun.rmi.transport=ALL-UNNAMED
08-Nov-2018 17:51:40.827 INFO [main] org.apache.catalina.startup.VersionLoggerListener.log Server version:        Apache Tomcat/9.0.13
08-Nov-2018 17:51:40.831 INFO [main] org.apache.catalina.startup.VersionLoggerListener.log Server built:          Nov 2 2018 14:27:55 UTC
08-Nov-2018 17:51:40.831 INFO [main] org.apache.catalina.startup.VersionLoggerListener.log Server number:         9.0.13.0
08-Nov-2018 17:51:40.832 INFO [main] org.apache.catalina.startup.VersionLoggerListener.log OS Name:               Mac OS X
08-Nov-2018 17:51:40.832 INFO [main] org.apache.catalina.startup.VersionLoggerListener.log OS Version:            10.14
08-Nov-2018 17:51:40.832 INFO [main] org.apache.catalina.startup.VersionLoggerListener.log Architecture:          x86_64
08-Nov-2018 17:51:40.832 INFO [main] org.apache.catalina.startup.VersionLoggerListener.log Java Home:             /Library/Java/JavaVirtualMachines/jdk-11.0.1.jdk/Contents/Home
08-Nov-2018 17:51:40.832 INFO [main] org.apache.catalina.startup.VersionLoggerListener.log JVM Version:           11.0.1+13-LTS
08-Nov-2018 17:51:40.832 INFO [main] org.apache.catalina.startup.VersionLoggerListener.log JVM Vendor:            Oracle Corporation
08-Nov-2018 17:51:40.833 INFO [main] org.apache.catalina.startup.VersionLoggerListener.log CATALINA_BASE:         /Users/The_Gate/Desktop/apache-tomcat-9.0.13
08-Nov-2018 17:51:40.833 INFO [main] org.apache.catalina.startup.VersionLoggerListener.log CATALINA_HOME:         /Users/The_Gate/Desktop/apache-tomcat-9.0.13
08-Nov-2018 17:51:40.836 INFO [main] org.apache.catalina.startup.VersionLoggerListener.log Command line argument: --add-opens=java.base/java.lang=ALL-UNNAMED
08-Nov-2018 17:51:40.836 INFO [main] org.apache.catalina.startup.VersionLoggerListener.log Command line argument: --add-opens=java.base/java.io=ALL-UNNAMED
08-Nov-2018 17:51:40.836 INFO [main] org.apache.catalina.startup.VersionLoggerListener.log Command line argument: --add-opens=java.rmi/sun.rmi.transport=ALL-UNNAMED
08-Nov-2018 17:51:40.837 INFO [main] org.apache.catalina.startup.VersionLoggerListener.log Command line argument: -Djava.util.logging.config.file=/Users/The_Gate/Desktop/apache-tomcat-9.0.13/conf/logging.properties
08-Nov-2018 17:51:40.837 INFO [main] org.apache.catalina.startup.VersionLoggerListener.log Command line argument: -Djava.util.logging.manager=org.apache.juli.ClassLoaderLogManager
08-Nov-2018 17:51:40.837 INFO [main] org.apache.catalina.startup.VersionLoggerListener.log Command line argument: -Djdk.tls.ephemeralDHKeySize=2048
08-Nov-2018 17:51:40.837 INFO [main] org.apache.catalina.startup.VersionLoggerListener.log Command line argument: -Djava.protocol.handler.pkgs=org.apache.catalina.webresources
08-Nov-2018 17:51:40.837 INFO [main] org.apache.catalina.startup.VersionLoggerListener.log Command line argument: -Dorg.apache.catalina.security.SecurityListener.UMASK=0027
08-Nov-2018 17:51:40.837 INFO [main] org.apache.catalina.startup.VersionLoggerListener.log Command line argument: -Dignore.endorsed.dirs=
08-Nov-2018 17:51:40.837 INFO [main] org.apache.catalina.startup.VersionLoggerListener.log Command line argument: -Dcatalina.base=/Users/The_Gate/Desktop/apache-tomcat-9.0.13
08-Nov-2018 17:51:40.837 INFO [main] org.apache.catalina.startup.VersionLoggerListener.log Command line argument: -Dcatalina.home=/Users/The_Gate/Desktop/apache-tomcat-9.0.13
08-Nov-2018 17:51:40.838 INFO [main] org.apache.catalina.startup.VersionLoggerListener.log Command line argument: -Djava.io.tmpdir=/Users/The_Gate/Desktop/apache-tomcat-9.0.13/temp
08-Nov-2018 17:51:40.838 INFO [main] org.apache.catalina.core.AprLifecycleListener.lifecycleEvent The APR based Apache Tomcat Native library which allows optimal performance in production environments was not found on the java.library.path: [/Users/The_Gate/Library/Java/Extensions:/Library/Java/Extensions:/Network/Library/Java/Extensions:/System/Library/Java/Extensions:/usr/lib/java:.]
08-Nov-2018 17:51:40.887 INFO [main] org.apache.coyote.AbstractProtocol.init Initializing ProtocolHandler ["http-nio-8080"]
08-Nov-2018 17:51:40.918 INFO [main] org.apache.tomcat.util.net.NioSelectorPool.getSharedSelector Using a shared selector for servlet write/read
08-Nov-2018 17:51:40.933 INFO [main] org.apache.coyote.AbstractProtocol.init Initializing ProtocolHandler ["ajp-nio-8009"]
08-Nov-2018 17:51:40.934 INFO [main] org.apache.tomcat.util.net.NioSelectorPool.getSharedSelector Using a shared selector for servlet write/read
08-Nov-2018 17:51:40.935 INFO [main] org.apache.catalina.startup.Catalina.load Initialization processed in 604 ms
08-Nov-2018 17:51:40.989 INFO [main] org.apache.catalina.core.StandardService.startInternal Starting service [Catalina]
08-Nov-2018 17:51:40.989 INFO [main] org.apache.catalina.core.StandardEngine.startInternal Starting Servlet Engine: Apache Tomcat/9.0.13
08-Nov-2018 17:51:40.998 INFO [main] org.apache.catalina.startup.HostConfig.deployDirectory Deploying web application directory [/Users/The_Gate/Desktop/apache-tomcat-9.0.13/webapps/docs]
08-Nov-2018 17:51:41.371 INFO [main] org.apache.catalina.startup.HostConfig.deployDirectory Deployment of web application directory [/Users/The_Gate/Desktop/apache-tomcat-9.0.13/webapps/docs] has finished in [372] ms
08-Nov-2018 17:51:41.372 INFO [main] org.apache.catalina.startup.HostConfig.deployDirectory Deploying web application directory [/Users/The_Gate/Desktop/apache-tomcat-9.0.13/webapps/manager]
08-Nov-2018 17:51:41.402 INFO [main] org.apache.catalina.startup.HostConfig.deployDirectory Deployment of web application directory [/Users/The_Gate/Desktop/apache-tomcat-9.0.13/webapps/manager] has finished in [31] ms
08-Nov-2018 17:51:41.403 INFO [main] org.apache.catalina.startup.HostConfig.deployDirectory Deploying web application directory [/Users/The_Gate/Desktop/apache-tomcat-9.0.13/webapps/examples]
08-Nov-2018 17:51:41.644 INFO [main] org.apache.catalina.startup.HostConfig.deployDirectory Deployment of web application directory [/Users/The_Gate/Desktop/apache-tomcat-9.0.13/webapps/examples] has finished in [240] ms
08-Nov-2018 17:51:41.644 INFO [main] org.apache.catalina.startup.HostConfig.deployDirectory Deploying web application directory [/Users/The_Gate/Desktop/apache-tomcat-9.0.13/webapps/ROOT]
08-Nov-2018 17:51:41.660 INFO [main] org.apache.catalina.startup.HostConfig.deployDirectory Deployment of web application directory [/Users/The_Gate/Desktop/apache-tomcat-9.0.13/webapps/ROOT] has finished in [16] ms
08-Nov-2018 17:51:41.661 INFO [main] org.apache.catalina.startup.HostConfig.deployDirectory Deploying web application directory [/Users/The_Gate/Desktop/apache-tomcat-9.0.13/webapps/host-manager]
08-Nov-2018 17:51:41.676 INFO [main] org.apache.catalina.startup.HostConfig.deployDirectory Deployment of web application directory [/Users/The_Gate/Desktop/apache-tomcat-9.0.13/webapps/host-manager] has finished in [15] ms
08-Nov-2018 17:51:41.678 INFO [main] org.apache.coyote.AbstractProtocol.start Starting ProtocolHandler ["http-nio-8080"]
08-Nov-2018 17:51:41.686 INFO [main] org.apache.coyote.AbstractProtocol.start Starting ProtocolHandler ["ajp-nio-8009"]
08-Nov-2018 17:51:41.688 INFO [main] org.apache.catalina.startup.Catalina.start Server startup in 753 ms
09-Nov-2018 00:41:54.061 INFO [main] org.apache.catalina.core.StandardServer.await A valid shutdown command was received via the shutdown port. Stopping the Server instance.
09-Nov-2018 00:41:54.063 INFO [main] org.apache.coyote.AbstractProtocol.pause Pausing ProtocolHandler ["http-nio-8080"]
09-Nov-2018 00:41:54.073 INFO [main] org.apache.coyote.AbstractProtocol.pause Pausing ProtocolHandler ["ajp-nio-8009"]
09-Nov-2018 00:41:54.079 INFO [main] org.apache.catalina.core.StandardService.stopInternal Stopping service [Catalina]
09-Nov-2018 00:41:54.115 INFO [main] org.apache.coyote.AbstractProtocol.stop Stopping ProtocolHandler ["http-nio-8080"]
09-Nov-2018 00:41:54.118 INFO [main] org.apache.coyote.AbstractProtocol.stop Stopping ProtocolHandler ["ajp-nio-8009"]
09-Nov-2018 00:41:54.120 INFO [main] org.apache.coyote.AbstractProtocol.destroy Destroying ProtocolHandler ["http-nio-8080"]
09-Nov-2018 00:41:54.121 INFO [main] org.apache.coyote.AbstractProtocol.destroy Destroying ProtocolHandler ["ajp-nio-8009"]
NOTE: Picked up JDK_JAVA_OPTIONS:  --add-opens=java.base/java.lang=ALL-UNNAMED --add-opens=java.base/java.io=ALL-UNNAMED --add-opens=java.rmi/sun.rmi.transport=ALL-UNNAMED
09-Nov-2018 12:34:51.805 INFO [main] org.apache.catalina.startup.VersionLoggerListener.log Server version:        Apache Tomcat/9.0.13
09-Nov-2018 12:34:51.809 INFO [main] org.apache.catalina.startup.VersionLoggerListener.log Server built:          Nov 2 2018 14:27:55 UTC
09-Nov-2018 12:34:51.809 INFO [main] org.apache.catalina.startup.VersionLoggerListener.log Server number:         9.0.13.0
09-Nov-2018 12:34:51.810 INFO [main] org.apache.catalina.startup.VersionLoggerListener.log OS Name:               Mac OS X
09-Nov-2018 12:34:51.810 INFO [main] org.apache.catalina.startup.VersionLoggerListener.log OS Version:            10.14
09-Nov-2018 12:34:51.810 INFO [main] org.apache.catalina.startup.VersionLoggerListener.log Architecture:          x86_64
09-Nov-2018 12:34:51.810 INFO [main] org.apache.catalina.startup.VersionLoggerListener.log Java Home:             /Library/Java/JavaVirtualMachines/jdk-11.0.1.jdk/Contents/Home
09-Nov-2018 12:34:51.810 INFO [main] org.apache.catalina.startup.VersionLoggerListener.log JVM Version:           11.0.1+13-LTS
09-Nov-2018 12:34:51.810 INFO [main] org.apache.catalina.startup.VersionLoggerListener.log JVM Vendor:            Oracle Corporation
09-Nov-2018 12:34:51.810 INFO [main] org.apache.catalina.startup.VersionLoggerListener.log CATALINA_BASE:         /Users/The_Gate/Desktop/apache-tomcat-9.0.13
09-Nov-2018 12:34:51.811 INFO [main] org.apache.catalina.startup.VersionLoggerListener.log CATALINA_HOME:         /Users/The_Gate/Desktop/apache-tomcat-9.0.13
09-Nov-2018 12:34:51.813 INFO [main] org.apache.catalina.startup.VersionLoggerListener.log Command line argument: --add-opens=java.base/java.lang=ALL-UNNAMED
09-Nov-2018 12:34:51.814 INFO [main] org.apache.catalina.startup.VersionLoggerListener.log Command line argument: --add-opens=java.base/java.io=ALL-UNNAMED
09-Nov-2018 12:34:51.814 INFO [main] org.apache.catalina.startup.VersionLoggerListener.log Command line argument: --add-opens=java.rmi/sun.rmi.transport=ALL-UNNAMED
09-Nov-2018 12:34:51.814 INFO [main] org.apache.catalina.startup.VersionLoggerListener.log Command line argument: -Djava.util.logging.config.file=/Users/The_Gate/Desktop/apache-tomcat-9.0.13/conf/logging.properties
09-Nov-2018 12:34:51.814 INFO [main] org.apache.catalina.startup.VersionLoggerListener.log Command line argument: -Djava.util.logging.manager=org.apache.juli.ClassLoaderLogManager
09-Nov-2018 12:34:51.814 INFO [main] org.apache.catalina.startup.VersionLoggerListener.log Command line argument: -Djdk.tls.ephemeralDHKeySize=2048
09-Nov-2018 12:34:51.814 INFO [main] org.apache.catalina.startup.VersionLoggerListener.log Command line argument: -Djava.protocol.handler.pkgs=org.apache.catalina.webresources
09-Nov-2018 12:34:51.814 INFO [main] org.apache.catalina.startup.VersionLoggerListener.log Command line argument: -Dorg.apache.catalina.security.SecurityListener.UMASK=0027
09-Nov-2018 12:34:51.814 INFO [main] org.apache.catalina.startup.VersionLoggerListener.log Command line argument: -Dignore.endorsed.dirs=
09-Nov-2018 12:34:51.815 INFO [main] org.apache.catalina.startup.VersionLoggerListener.log Command line argument: -Dcatalina.base=/Users/The_Gate/Desktop/apache-tomcat-9.0.13
09-Nov-2018 12:34:51.815 INFO [main] org.apache.catalina.startup.VersionLoggerListener.log Command line argument: -Dcatalina.home=/Users/The_Gate/Desktop/apache-tomcat-9.0.13
09-Nov-2018 12:34:51.815 INFO [main] org.apache.catalina.startup.VersionLoggerListener.log Command line argument: -Djava.io.tmpdir=/Users/The_Gate/Desktop/apache-tomcat-9.0.13/temp
09-Nov-2018 12:34:51.815 INFO [main] org.apache.catalina.core.AprLifecycleListener.lifecycleEvent The APR based Apache Tomcat Native library which allows optimal performance in production environments was not found on the java.library.path: [/Users/The_Gate/Library/Java/Extensions:/Library/Java/Extensions:/Network/Library/Java/Extensions:/System/Library/Java/Extensions:/usr/lib/java:.]
09-Nov-2018 12:34:51.861 INFO [main] org.apache.coyote.AbstractProtocol.init Initializing ProtocolHandler ["http-nio-8080"]
09-Nov-2018 12:34:51.889 INFO [main] org.apache.tomcat.util.net.NioSelectorPool.getSharedSelector Using a shared selector for servlet write/read
09-Nov-2018 12:34:51.900 INFO [main] org.apache.coyote.AbstractProtocol.init Initializing ProtocolHandler ["ajp-nio-8009"]
09-Nov-2018 12:34:51.901 INFO [main] org.apache.tomcat.util.net.NioSelectorPool.getSharedSelector Using a shared selector for servlet write/read
09-Nov-2018 12:34:51.901 INFO [main] org.apache.catalina.startup.Catalina.load Initialization processed in 583 ms
09-Nov-2018 12:34:51.952 INFO [main] org.apache.catalina.core.StandardService.startInternal Starting service [Catalina]
09-Nov-2018 12:34:51.952 INFO [main] org.apache.catalina.core.StandardEngine.startInternal Starting Servlet Engine: Apache Tomcat/9.0.13
09-Nov-2018 12:34:51.959 INFO [main] org.apache.catalina.startup.HostConfig.deployDirectory Deploying web application directory [/Users/The_Gate/Desktop/apache-tomcat-9.0.13/webapps/docs]
09-Nov-2018 12:34:52.310 INFO [main] org.apache.catalina.startup.HostConfig.deployDirectory Deployment of web application directory [/Users/The_Gate/Desktop/apache-tomcat-9.0.13/webapps/docs] has finished in [351] ms
09-Nov-2018 12:34:52.311 INFO [main] org.apache.catalina.startup.HostConfig.deployDirectory Deploying web application directory [/Users/The_Gate/Desktop/apache-tomcat-9.0.13/webapps/manager]
09-Nov-2018 12:34:52.342 INFO [main] org.apache.catalina.startup.HostConfig.deployDirectory Deployment of web application directory [/Users/The_Gate/Desktop/apache-tomcat-9.0.13/webapps/manager] has finished in [31] ms
09-Nov-2018 12:34:52.343 INFO [main] org.apache.catalina.startup.HostConfig.deployDirectory Deploying web application directory [/Users/The_Gate/Desktop/apache-tomcat-9.0.13/webapps/examples]
09-Nov-2018 12:34:52.577 INFO [main] org.apache.catalina.startup.HostConfig.deployDirectory Deployment of web application directory [/Users/The_Gate/Desktop/apache-tomcat-9.0.13/webapps/examples] has finished in [234] ms
09-Nov-2018 12:34:52.577 INFO [main] org.apache.catalina.startup.HostConfig.deployDirectory Deploying web application directory [/Users/The_Gate/Desktop/apache-tomcat-9.0.13/webapps/ROOT]
09-Nov-2018 12:34:52.591 INFO [main] org.apache.catalina.startup.HostConfig.deployDirectory Deployment of web application directory [/Users/The_Gate/Desktop/apache-tomcat-9.0.13/webapps/ROOT] has finished in [14] ms
09-Nov-2018 12:34:52.592 INFO [main] org.apache.catalina.startup.HostConfig.deployDirectory Deploying web application directory [/Users/The_Gate/Desktop/apache-tomcat-9.0.13/webapps/host-manager]
09-Nov-2018 12:34:52.611 INFO [main] org.apache.catalina.startup.HostConfig.deployDirectory Deployment of web application directory [/Users/The_Gate/Desktop/apache-tomcat-9.0.13/webapps/host-manager] has finished in [18] ms
09-Nov-2018 12:34:52.613 INFO [main] org.apache.coyote.AbstractProtocol.start Starting ProtocolHandler ["http-nio-8080"]
09-Nov-2018 12:34:52.620 INFO [main] org.apache.coyote.AbstractProtocol.start Starting ProtocolHandler ["ajp-nio-8009"]
09-Nov-2018 12:34:52.622 INFO [main] org.apache.catalina.startup.Catalina.start Server startup in 720 ms
09-Nov-2018 13:15:21.425 INFO [main] org.apache.catalina.core.StandardServer.await A valid shutdown command was received via the shutdown port. Stopping the Server instance.
09-Nov-2018 13:15:21.426 INFO [main] org.apache.coyote.AbstractProtocol.pause Pausing ProtocolHandler ["http-nio-8080"]
09-Nov-2018 13:15:21.435 INFO [main] org.apache.coyote.AbstractProtocol.pause Pausing ProtocolHandler ["ajp-nio-8009"]
09-Nov-2018 13:15:21.443 INFO [main] org.apache.catalina.core.StandardService.stopInternal Stopping service [Catalina]
09-Nov-2018 13:15:21.467 INFO [main] org.apache.coyote.AbstractProtocol.stop Stopping ProtocolHandler ["http-nio-8080"]
09-Nov-2018 13:15:21.469 INFO [main] org.apache.coyote.AbstractProtocol.stop Stopping ProtocolHandler ["ajp-nio-8009"]
09-Nov-2018 13:15:21.471 INFO [main] org.apache.coyote.AbstractProtocol.destroy Destroying ProtocolHandler ["http-nio-8080"]
09-Nov-2018 13:15:21.472 INFO [main] org.apache.coyote.AbstractProtocol.destroy Destroying ProtocolHandler ["ajp-nio-8009"]
NOTE: Picked up JDK_JAVA_OPTIONS:  --add-opens=java.base/java.lang=ALL-UNNAMED --add-opens=java.base/java.io=ALL-UNNAMED --add-opens=java.rmi/sun.rmi.transport=ALL-UNNAMED
09-Nov-2018 15:16:41.147 INFO [main] org.apache.catalina.startup.VersionLoggerListener.log Server version:        Apache Tomcat/9.0.13
09-Nov-2018 15:16:41.151 INFO [main] org.apache.catalina.startup.VersionLoggerListener.log Server built:          Nov 2 2018 14:27:55 UTC
09-Nov-2018 15:16:41.151 INFO [main] org.apache.catalina.startup.VersionLoggerListener.log Server number:         9.0.13.0
09-Nov-2018 15:16:41.151 INFO [main] org.apache.catalina.startup.VersionLoggerListener.log OS Name:               Mac OS X
09-Nov-2018 15:16:41.152 INFO [main] org.apache.catalina.startup.VersionLoggerListener.log OS Version:            10.14
09-Nov-2018 15:16:41.152 INFO [main] org.apache.catalina.startup.VersionLoggerListener.log Architecture:          x86_64
09-Nov-2018 15:16:41.152 INFO [main] org.apache.catalina.startup.VersionLoggerListener.log Java Home:             /Library/Java/JavaVirtualMachines/jdk-11.0.1.jdk/Contents/Home
09-Nov-2018 15:16:41.152 INFO [main] org.apache.catalina.startup.VersionLoggerListener.log JVM Version:           11.0.1+13-LTS
09-Nov-2018 15:16:41.152 INFO [main] org.apache.catalina.startup.VersionLoggerListener.log JVM Vendor:            Oracle Corporation
09-Nov-2018 15:16:41.152 INFO [main] org.apache.catalina.startup.VersionLoggerListener.log CATALINA_BASE:         /Users/The_Gate/Desktop/apache-tomcat-9.0.13
09-Nov-2018 15:16:41.153 INFO [main] org.apache.catalina.startup.VersionLoggerListener.log CATALINA_HOME:         /Users/The_Gate/Desktop/apache-tomcat-9.0.13
09-Nov-2018 15:16:41.155 INFO [main] org.apache.catalina.startup.VersionLoggerListener.log Command line argument: --add-opens=java.base/java.lang=ALL-UNNAMED
09-Nov-2018 15:16:41.155 INFO [main] org.apache.catalina.startup.VersionLoggerListener.log Command line argument: --add-opens=java.base/java.io=ALL-UNNAMED
09-Nov-2018 15:16:41.156 INFO [main] org.apache.catalina.startup.VersionLoggerListener.log Command line argument: --add-opens=java.rmi/sun.rmi.transport=ALL-UNNAMED
09-Nov-2018 15:16:41.156 INFO [main] org.apache.catalina.startup.VersionLoggerListener.log Command line argument: -Djava.util.logging.config.file=/Users/The_Gate/Desktop/apache-tomcat-9.0.13/conf/logging.properties
09-Nov-2018 15:16:41.156 INFO [main] org.apache.catalina.startup.VersionLoggerListener.log Command line argument: -Djava.util.logging.manager=org.apache.juli.ClassLoaderLogManager
09-Nov-2018 15:16:41.156 INFO [main] org.apache.catalina.startup.VersionLoggerListener.log Command line argument: -Djdk.tls.ephemeralDHKeySize=2048
09-Nov-2018 15:16:41.156 INFO [main] org.apache.catalina.startup.VersionLoggerListener.log Command line argument: -Djava.protocol.handler.pkgs=org.apache.catalina.webresources
09-Nov-2018 15:16:41.156 INFO [main] org.apache.catalina.startup.VersionLoggerListener.log Command line argument: -Dorg.apache.catalina.security.SecurityListener.UMASK=0027
09-Nov-2018 15:16:41.156 INFO [main] org.apache.catalina.startup.VersionLoggerListener.log Command line argument: -Dignore.endorsed.dirs=
09-Nov-2018 15:16:41.157 INFO [main] org.apache.catalina.startup.VersionLoggerListener.log Command line argument: -Dcatalina.base=/Users/The_Gate/Desktop/apache-tomcat-9.0.13
09-Nov-2018 15:16:41.157 INFO [main] org.apache.catalina.startup.VersionLoggerListener.log Command line argument: -Dcatalina.home=/Users/The_Gate/Desktop/apache-tomcat-9.0.13
09-Nov-2018 15:16:41.157 INFO [main] org.apache.catalina.startup.VersionLoggerListener.log Command line argument: -Djava.io.tmpdir=/Users/The_Gate/Desktop/apache-tomcat-9.0.13/temp
09-Nov-2018 15:16:41.157 INFO [main] org.apache.catalina.core.AprLifecycleListener.lifecycleEvent The APR based Apache Tomcat Native library which allows optimal performance in production environments was not found on the java.library.path: [/Users/The_Gate/Library/Java/Extensions:/Library/Java/Extensions:/Network/Library/Java/Extensions:/System/Library/Java/Extensions:/usr/lib/java:.]
09-Nov-2018 15:16:41.196 INFO [main] org.apache.coyote.AbstractProtocol.init Initializing ProtocolHandler ["http-nio-8080"]
09-Nov-2018 15:16:41.215 INFO [main] org.apache.tomcat.util.net.NioSelectorPool.getSharedSelector Using a shared selector for servlet write/read
09-Nov-2018 15:16:41.224 INFO [main] org.apache.coyote.AbstractProtocol.init Initializing ProtocolHandler ["ajp-nio-8009"]
09-Nov-2018 15:16:41.225 INFO [main] org.apache.tomcat.util.net.NioSelectorPool.getSharedSelector Using a shared selector for servlet write/read
09-Nov-2018 15:16:41.225 INFO [main] org.apache.catalina.startup.Catalina.load Initialization processed in 471 ms
09-Nov-2018 15:16:41.270 INFO [main] org.apache.catalina.core.StandardService.startInternal Starting service [Catalina]
09-Nov-2018 15:16:41.270 INFO [main] org.apache.catalina.core.StandardEngine.startInternal Starting Servlet Engine: Apache Tomcat/9.0.13
09-Nov-2018 15:16:41.276 INFO [main] org.apache.catalina.startup.HostConfig.deployDirectory Deploying web application directory [/Users/The_Gate/Desktop/apache-tomcat-9.0.13/webapps/docs]
09-Nov-2018 15:16:41.572 INFO [main] org.apache.catalina.startup.HostConfig.deployDirectory Deployment of web application directory [/Users/The_Gate/Desktop/apache-tomcat-9.0.13/webapps/docs] has finished in [296] ms
09-Nov-2018 15:16:41.572 INFO [main] org.apache.catalina.startup.HostConfig.deployDirectory Deploying web application directory [/Users/The_Gate/Desktop/apache-tomcat-9.0.13/webapps/manager]
09-Nov-2018 15:16:41.604 INFO [main] org.apache.catalina.startup.HostConfig.deployDirectory Deployment of web application directory [/Users/The_Gate/Desktop/apache-tomcat-9.0.13/webapps/manager] has finished in [32] ms
09-Nov-2018 15:16:41.605 INFO [main] org.apache.catalina.startup.HostConfig.deployDirectory Deploying web application directory [/Users/The_Gate/Desktop/apache-tomcat-9.0.13/webapps/examples]
09-Nov-2018 15:16:41.836 INFO [main] org.apache.catalina.startup.HostConfig.deployDirectory Deployment of web application directory [/Users/The_Gate/Desktop/apache-tomcat-9.0.13/webapps/examples] has finished in [230] ms
09-Nov-2018 15:16:41.836 INFO [main] org.apache.catalina.startup.HostConfig.deployDirectory Deploying web application directory [/Users/The_Gate/Desktop/apache-tomcat-9.0.13/webapps/ROOT]
09-Nov-2018 15:16:41.850 INFO [main] org.apache.catalina.startup.HostConfig.deployDirectory Deployment of web application directory [/Users/The_Gate/Desktop/apache-tomcat-9.0.13/webapps/ROOT] has finished in [13] ms
09-Nov-2018 15:16:41.850 INFO [main] org.apache.catalina.startup.HostConfig.deployDirectory Deploying web application directory [/Users/The_Gate/Desktop/apache-tomcat-9.0.13/webapps/host-manager]
09-Nov-2018 15:16:41.869 INFO [main] org.apache.catalina.startup.HostConfig.deployDirectory Deployment of web application directory [/Users/The_Gate/Desktop/apache-tomcat-9.0.13/webapps/host-manager] has finished in [19] ms
09-Nov-2018 15:16:41.873 INFO [main] org.apache.coyote.AbstractProtocol.start Starting ProtocolHandler ["http-nio-8080"]
09-Nov-2018 15:16:41.884 INFO [main] org.apache.coyote.AbstractProtocol.start Starting ProtocolHandler ["ajp-nio-8009"]
09-Nov-2018 15:16:41.887 INFO [main] org.apache.catalina.startup.Catalina.start Server startup in 660 ms
10-Nov-2018 13:56:08.574 INFO [main] org.apache.catalina.core.StandardServer.await A valid shutdown command was received via the shutdown port. Stopping the Server instance.
10-Nov-2018 13:56:08.578 INFO [main] org.apache.coyote.AbstractProtocol.pause Pausing ProtocolHandler ["http-nio-8080"]
10-Nov-2018 13:56:08.593 INFO [main] org.apache.coyote.AbstractProtocol.pause Pausing ProtocolHandler ["ajp-nio-8009"]
10-Nov-2018 13:56:08.601 INFO [main] org.apache.catalina.core.StandardService.stopInternal Stopping service [Catalina]
10-Nov-2018 13:56:08.649 INFO [main] org.apache.coyote.AbstractProtocol.stop Stopping ProtocolHandler ["http-nio-8080"]
10-Nov-2018 13:56:08.653 INFO [main] org.apache.coyote.AbstractProtocol.stop Stopping ProtocolHandler ["ajp-nio-8009"]
10-Nov-2018 13:56:08.655 INFO [main] org.apache.coyote.AbstractProtocol.destroy Destroying ProtocolHandler ["http-nio-8080"]
10-Nov-2018 13:56:08.656 INFO [main] org.apache.coyote.AbstractProtocol.destroy Destroying ProtocolHandler ["ajp-nio-8009"]
NOTE: Picked up JDK_JAVA_OPTIONS:  --add-opens=java.base/java.lang=ALL-UNNAMED --add-opens=java.base/java.io=ALL-UNNAMED --add-opens=java.rmi/sun.rmi.transport=ALL-UNNAMED
10-Nov-2018 16:01:00.567 INFO [main] org.apache.catalina.startup.VersionLoggerListener.log Server version:        Apache Tomcat/9.0.13
10-Nov-2018 16:01:00.571 INFO [main] org.apache.catalina.startup.VersionLoggerListener.log Server built:          Nov 2 2018 14:27:55 UTC
10-Nov-2018 16:01:00.572 INFO [main] org.apache.catalina.startup.VersionLoggerListener.log Server number:         9.0.13.0
10-Nov-2018 16:01:00.572 INFO [main] org.apache.catalina.startup.VersionLoggerListener.log OS Name:               Mac OS X
10-Nov-2018 16:01:00.572 INFO [main] org.apache.catalina.startup.VersionLoggerListener.log OS Version:            10.14
10-Nov-2018 16:01:00.572 INFO [main] org.apache.catalina.startup.VersionLoggerListener.log Architecture:          x86_64
10-Nov-2018 16:01:00.572 INFO [main] org.apache.catalina.startup.VersionLoggerListener.log Java Home:             /Library/Java/JavaVirtualMachines/jdk-11.0.1.jdk/Contents/Home
10-Nov-2018 16:01:00.572 INFO [main] org.apache.catalina.startup.VersionLoggerListener.log JVM Version:           11.0.1+13-LTS
10-Nov-2018 16:01:00.572 INFO [main] org.apache.catalina.startup.VersionLoggerListener.log JVM Vendor:            Oracle Corporation
10-Nov-2018 16:01:00.573 INFO [main] org.apache.catalina.startup.VersionLoggerListener.log CATALINA_BASE:         /Users/The_Gate/Desktop/apache-tomcat-9.0.13
10-Nov-2018 16:01:00.573 INFO [main] org.apache.catalina.startup.VersionLoggerListener.log CATALINA_HOME:         /Users/The_Gate/Desktop/apache-tomcat-9.0.13
10-Nov-2018 16:01:00.576 INFO [main] org.apache.catalina.startup.VersionLoggerListener.log Command line argument: --add-opens=java.base/java.lang=ALL-UNNAMED
10-Nov-2018 16:01:00.576 INFO [main] org.apache.catalina.startup.VersionLoggerListener.log Command line argument: --add-opens=java.base/java.io=ALL-UNNAMED
10-Nov-2018 16:01:00.576 INFO [main] org.apache.catalina.startup.VersionLoggerListener.log Command line argument: --add-opens=java.rmi/sun.rmi.transport=ALL-UNNAMED
10-Nov-2018 16:01:00.576 INFO [main] org.apache.catalina.startup.VersionLoggerListener.log Command line argument: -Djava.util.logging.config.file=/Users/The_Gate/Desktop/apache-tomcat-9.0.13/conf/logging.properties
10-Nov-2018 16:01:00.576 INFO [main] org.apache.catalina.startup.VersionLoggerListener.log Command line argument: -Djava.util.logging.manager=org.apache.juli.ClassLoaderLogManager
10-Nov-2018 16:01:00.576 INFO [main] org.apache.catalina.startup.VersionLoggerListener.log Command line argument: -Djdk.tls.ephemeralDHKeySize=2048
10-Nov-2018 16:01:00.576 INFO [main] org.apache.catalina.startup.VersionLoggerListener.log Command line argument: -Djava.protocol.handler.pkgs=org.apache.catalina.webresources
10-Nov-2018 16:01:00.577 INFO [main] org.apache.catalina.startup.VersionLoggerListener.log Command line argument: -Dorg.apache.catalina.security.SecurityListener.UMASK=0027
10-Nov-2018 16:01:00.577 INFO [main] org.apache.catalina.startup.VersionLoggerListener.log Command line argument: -Dignore.endorsed.dirs=
10-Nov-2018 16:01:00.577 INFO [main] org.apache.catalina.startup.VersionLoggerListener.log Command line argument: -Dcatalina.base=/Users/The_Gate/Desktop/apache-tomcat-9.0.13
10-Nov-2018 16:01:00.577 INFO [main] org.apache.catalina.startup.VersionLoggerListener.log Command line argument: -Dcatalina.home=/Users/The_Gate/Desktop/apache-tomcat-9.0.13
10-Nov-2018 16:01:00.577 INFO [main] org.apache.catalina.startup.VersionLoggerListener.log Command line argument: -Djava.io.tmpdir=/Users/The_Gate/Desktop/apache-tomcat-9.0.13/temp
10-Nov-2018 16:01:00.577 INFO [main] org.apache.catalina.core.AprLifecycleListener.lifecycleEvent The APR based Apache Tomcat Native library which allows optimal performance in production environments was not found on the java.library.path: [/Users/The_Gate/Library/Java/Extensions:/Library/Java/Extensions:/Network/Library/Java/Extensions:/System/Library/Java/Extensions:/usr/lib/java:.]
10-Nov-2018 16:01:00.625 INFO [main] org.apache.coyote.AbstractProtocol.init Initializing ProtocolHandler ["http-nio-8080"]
10-Nov-2018 16:01:00.657 INFO [main] org.apache.tomcat.util.net.NioSelectorPool.getSharedSelector Using a shared selector for servlet write/read
10-Nov-2018 16:01:00.671 INFO [main] org.apache.coyote.AbstractProtocol.init Initializing ProtocolHandler ["ajp-nio-8009"]
10-Nov-2018 16:01:00.672 INFO [main] org.apache.tomcat.util.net.NioSelectorPool.getSharedSelector Using a shared selector for servlet write/read
10-Nov-2018 16:01:00.673 INFO [main] org.apache.catalina.startup.Catalina.load Initialization processed in 586 ms
10-Nov-2018 16:01:00.725 INFO [main] org.apache.catalina.core.StandardService.startInternal Starting service [Catalina]
10-Nov-2018 16:01:00.726 INFO [main] org.apache.catalina.core.StandardEngine.startInternal Starting Servlet Engine: Apache Tomcat/9.0.13
10-Nov-2018 16:01:00.734 INFO [main] org.apache.catalina.startup.HostConfig.deployDirectory Deploying web application directory [/Users/The_Gate/Desktop/apache-tomcat-9.0.13/webapps/docs]
10-Nov-2018 16:01:01.087 INFO [main] org.apache.catalina.startup.HostConfig.deployDirectory Deployment of web application directory [/Users/The_Gate/Desktop/apache-tomcat-9.0.13/webapps/docs] has finished in [352] ms
10-Nov-2018 16:01:01.087 INFO [main] org.apache.catalina.startup.HostConfig.deployDirectory Deploying web application directory [/Users/The_Gate/Desktop/apache-tomcat-9.0.13/webapps/manager]
10-Nov-2018 16:01:01.117 INFO [main] org.apache.catalina.startup.HostConfig.deployDirectory Deployment of web application directory [/Users/The_Gate/Desktop/apache-tomcat-9.0.13/webapps/manager] has finished in [30] ms
10-Nov-2018 16:01:01.118 INFO [main] org.apache.catalina.startup.HostConfig.deployDirectory Deploying web application directory [/Users/The_Gate/Desktop/apache-tomcat-9.0.13/webapps/examples]
10-Nov-2018 16:01:01.345 INFO [main] org.apache.catalina.startup.HostConfig.deployDirectory Deployment of web application directory [/Users/The_Gate/Desktop/apache-tomcat-9.0.13/webapps/examples] has finished in [227] ms
10-Nov-2018 16:01:01.345 INFO [main] org.apache.catalina.startup.HostConfig.deployDirectory Deploying web application directory [/Users/The_Gate/Desktop/apache-tomcat-9.0.13/webapps/ROOT]
10-Nov-2018 16:01:01.361 INFO [main] org.apache.catalina.startup.HostConfig.deployDirectory Deployment of web application directory [/Users/The_Gate/Desktop/apache-tomcat-9.0.13/webapps/ROOT] has finished in [16] ms
10-Nov-2018 16:01:01.361 INFO [main] org.apache.catalina.startup.HostConfig.deployDirectory Deploying web application directory [/Users/The_Gate/Desktop/apache-tomcat-9.0.13/webapps/host-manager]
10-Nov-2018 16:01:01.380 INFO [main] org.apache.catalina.startup.HostConfig.deployDirectory Deployment of web application directory [/Users/The_Gate/Desktop/apache-tomcat-9.0.13/webapps/host-manager] has finished in [18] ms
10-Nov-2018 16:01:01.382 INFO [main] org.apache.coyote.AbstractProtocol.start Starting ProtocolHandler ["http-nio-8080"]
10-Nov-2018 16:01:01.388 INFO [main] org.apache.coyote.AbstractProtocol.start Starting ProtocolHandler ["ajp-nio-8009"]
10-Nov-2018 16:01:01.390 INFO [main] org.apache.catalina.startup.Catalina.start Server startup in 717 ms
11-Nov-2018 10:15:28.218 INFO [main] org.apache.catalina.core.StandardServer.await A valid shutdown command was received via the shutdown port. Stopping the Server instance.
11-Nov-2018 10:15:28.231 INFO [main] org.apache.coyote.AbstractProtocol.pause Pausing ProtocolHandler ["http-nio-8080"]
11-Nov-2018 10:15:28.250 INFO [main] org.apache.coyote.AbstractProtocol.pause Pausing ProtocolHandler ["ajp-nio-8009"]
11-Nov-2018 10:15:28.257 INFO [main] org.apache.catalina.core.StandardService.stopInternal Stopping service [Catalina]
11-Nov-2018 10:15:28.313 INFO [main] org.apache.coyote.AbstractProtocol.stop Stopping ProtocolHandler ["http-nio-8080"]
11-Nov-2018 10:15:28.318 INFO [main] org.apache.coyote.AbstractProtocol.stop Stopping ProtocolHandler ["ajp-nio-8009"]
11-Nov-2018 10:15:28.321 INFO [main] org.apache.coyote.AbstractProtocol.destroy Destroying ProtocolHandler ["http-nio-8080"]
11-Nov-2018 10:15:28.322 INFO [main] org.apache.coyote.AbstractProtocol.destroy Destroying ProtocolHandler ["ajp-nio-8009"]
NOTE: Picked up JDK_JAVA_OPTIONS:  --add-opens=java.base/java.lang=ALL-UNNAMED --add-opens=java.base/java.io=ALL-UNNAMED --add-opens=java.rmi/sun.rmi.transport=ALL-UNNAMED
13-Nov-2018 10:50:09.794 INFO [main] org.apache.catalina.startup.VersionLoggerListener.log Server version:        Apache Tomcat/9.0.13
13-Nov-2018 10:50:09.799 INFO [main] org.apache.catalina.startup.VersionLoggerListener.log Server built:          Nov 2 2018 14:27:55 UTC
13-Nov-2018 10:50:09.799 INFO [main] org.apache.catalina.startup.VersionLoggerListener.log Server number:         9.0.13.0
13-Nov-2018 10:50:09.799 INFO [main] org.apache.catalina.startup.VersionLoggerListener.log OS Name:               Mac OS X
13-Nov-2018 10:50:09.800 INFO [main] org.apache.catalina.startup.VersionLoggerListener.log OS Version:            10.14
13-Nov-2018 10:50:09.800 INFO [main] org.apache.catalina.startup.VersionLoggerListener.log Architecture:          x86_64
13-Nov-2018 10:50:09.800 INFO [main] org.apache.catalina.startup.VersionLoggerListener.log Java Home:             /Library/Java/JavaVirtualMachines/jdk-11.0.1.jdk/Contents/Home
13-Nov-2018 10:50:09.800 INFO [main] org.apache.catalina.startup.VersionLoggerListener.log JVM Version:           11.0.1+13-LTS
13-Nov-2018 10:50:09.800 INFO [main] org.apache.catalina.startup.VersionLoggerListener.log JVM Vendor:            Oracle Corporation
13-Nov-2018 10:50:09.800 INFO [main] org.apache.catalina.startup.VersionLoggerListener.log CATALINA_BASE:         /Users/The_Gate/Desktop/apache-tomcat-9.0.13
13-Nov-2018 10:50:09.800 INFO [main] org.apache.catalina.startup.VersionLoggerListener.log CATALINA_HOME:         /Users/The_Gate/Desktop/apache-tomcat-9.0.13
13-Nov-2018 10:50:09.805 INFO [main] org.apache.catalina.startup.VersionLoggerListener.log Command line argument: --add-opens=java.base/java.lang=ALL-UNNAMED
13-Nov-2018 10:50:09.805 INFO [main] org.apache.catalina.startup.VersionLoggerListener.log Command line argument: --add-opens=java.base/java.io=ALL-UNNAMED
13-Nov-2018 10:50:09.805 INFO [main] org.apache.catalina.startup.VersionLoggerListener.log Command line argument: --add-opens=java.rmi/sun.rmi.transport=ALL-UNNAMED
13-Nov-2018 10:50:09.806 INFO [main] org.apache.catalina.startup.VersionLoggerListener.log Command line argument: -Djava.util.logging.config.file=/Users/The_Gate/Desktop/apache-tomcat-9.0.13/conf/logging.properties
13-Nov-2018 10:50:09.806 INFO [main] org.apache.catalina.startup.VersionLoggerListener.log Command line argument: -Djava.util.logging.manager=org.apache.juli.ClassLoaderLogManager
13-Nov-2018 10:50:09.806 INFO [main] org.apache.catalina.startup.VersionLoggerListener.log Command line argument: -Djdk.tls.ephemeralDHKeySize=2048
13-Nov-2018 10:50:09.806 INFO [main] org.apache.catalina.startup.VersionLoggerListener.log Command line argument: -Djava.protocol.handler.pkgs=org.apache.catalina.webresources
13-Nov-2018 10:50:09.806 INFO [main] org.apache.catalina.startup.VersionLoggerListener.log Command line argument: -Dorg.apache.catalina.security.SecurityListener.UMASK=0027
13-Nov-2018 10:50:09.807 INFO [main] org.apache.catalina.startup.VersionLoggerListener.log Command line argument: -Dignore.endorsed.dirs=
13-Nov-2018 10:50:09.807 INFO [main] org.apache.catalina.startup.VersionLoggerListener.log Command line argument: -Dcatalina.base=/Users/The_Gate/Desktop/apache-tomcat-9.0.13
13-Nov-2018 10:50:09.807 INFO [main] org.apache.catalina.startup.VersionLoggerListener.log Command line argument: -Dcatalina.home=/Users/The_Gate/Desktop/apache-tomcat-9.0.13
13-Nov-2018 10:50:09.807 INFO [main] org.apache.catalina.startup.VersionLoggerListener.log Command line argument: -Djava.io.tmpdir=/Users/The_Gate/Desktop/apache-tomcat-9.0.13/temp
13-Nov-2018 10:50:09.807 INFO [main] org.apache.catalina.core.AprLifecycleListener.lifecycleEvent The APR based Apache Tomcat Native library which allows optimal performance in production environments was not found on the java.library.path: [/Users/The_Gate/Library/Java/Extensions:/Library/Java/Extensions:/Network/Library/Java/Extensions:/System/Library/Java/Extensions:/usr/lib/java:.]
13-Nov-2018 10:50:09.857 INFO [main] org.apache.coyote.AbstractProtocol.init Initializing ProtocolHandler ["http-nio-8080"]
13-Nov-2018 10:50:09.886 INFO [main] org.apache.tomcat.util.net.NioSelectorPool.getSharedSelector Using a shared selector for servlet write/read
13-Nov-2018 10:50:09.899 INFO [main] org.apache.coyote.AbstractProtocol.init Initializing ProtocolHandler ["ajp-nio-8009"]
13-Nov-2018 10:50:09.900 INFO [main] org.apache.tomcat.util.net.NioSelectorPool.getSharedSelector Using a shared selector for servlet write/read
13-Nov-2018 10:50:09.900 INFO [main] org.apache.catalina.startup.Catalina.load Initialization processed in 607 ms
13-Nov-2018 10:50:09.956 INFO [main] org.apache.catalina.core.StandardService.startInternal Starting service [Catalina]
13-Nov-2018 10:50:09.956 INFO [main] org.apache.catalina.core.StandardEngine.startInternal Starting Servlet Engine: Apache Tomcat/9.0.13
13-Nov-2018 10:50:09.965 INFO [main] org.apache.catalina.startup.HostConfig.deployDirectory Deploying web application directory [/Users/The_Gate/Desktop/apache-tomcat-9.0.13/webapps/docs]
13-Nov-2018 10:50:10.317 INFO [main] org.apache.catalina.startup.HostConfig.deployDirectory Deployment of web application directory [/Users/The_Gate/Desktop/apache-tomcat-9.0.13/webapps/docs] has finished in [351] ms
13-Nov-2018 10:50:10.317 INFO [main] org.apache.catalina.startup.HostConfig.deployDirectory Deploying web application directory [/Users/The_Gate/Desktop/apache-tomcat-9.0.13/webapps/manager]
13-Nov-2018 10:50:10.346 INFO [main] org.apache.catalina.startup.HostConfig.deployDirectory Deployment of web application directory [/Users/The_Gate/Desktop/apache-tomcat-9.0.13/webapps/manager] has finished in [29] ms
13-Nov-2018 10:50:10.346 INFO [main] org.apache.catalina.startup.HostConfig.deployDirectory Deploying web application directory [/Users/The_Gate/Desktop/apache-tomcat-9.0.13/webapps/examples]
13-Nov-2018 10:50:10.592 INFO [main] org.apache.catalina.startup.HostConfig.deployDirectory Deployment of web application directory [/Users/The_Gate/Desktop/apache-tomcat-9.0.13/webapps/examples] has finished in [245] ms
13-Nov-2018 10:50:10.592 INFO [main] org.apache.catalina.startup.HostConfig.deployDirectory Deploying web application directory [/Users/The_Gate/Desktop/apache-tomcat-9.0.13/webapps/ROOT]
13-Nov-2018 10:50:10.607 INFO [main] org.apache.catalina.startup.HostConfig.deployDirectory Deployment of web application directory [/Users/The_Gate/Desktop/apache-tomcat-9.0.13/webapps/ROOT] has finished in [15] ms
13-Nov-2018 10:50:10.607 INFO [main] org.apache.catalina.startup.HostConfig.deployDirectory Deploying web application directory [/Users/The_Gate/Desktop/apache-tomcat-9.0.13/webapps/host-manager]
13-Nov-2018 10:50:10.624 INFO [main] org.apache.catalina.startup.HostConfig.deployDirectory Deployment of web application directory [/Users/The_Gate/Desktop/apache-tomcat-9.0.13/webapps/host-manager] has finished in [17] ms
13-Nov-2018 10:50:10.626 INFO [main] org.apache.coyote.AbstractProtocol.start Starting ProtocolHandler ["http-nio-8080"]
13-Nov-2018 10:50:10.634 INFO [main] org.apache.coyote.AbstractProtocol.start Starting ProtocolHandler ["ajp-nio-8009"]
13-Nov-2018 10:50:10.636 INFO [main] org.apache.catalina.startup.Catalina.start Server startup in 735 ms
Log Test
Log Test
13-Nov-2018 11:33:57.829 INFO [http-nio-8080-exec-8] org.apache.jsp.index_jsp._jspService Log Test 2
13-Nov-2018 11:36:39.889 SEVERE [http-nio-8080-exec-9] org.apache.jsp.index_jsp._jspService Log Test 2
13-Nov-2018 11:36:39.890 WARNING [http-nio-8080-exec-9] org.apache.jsp.index_jsp._jspService Log Test 2
13-Nov-2018 11:36:39.890 INFO [http-nio-8080-exec-9] org.apache.jsp.index_jsp._jspService Log Test 2
13-Nov-2018 11:42:12.055 INFO [ContainerBackgroundProcessor[StandardEngine[Catalina]]] org.apache.catalina.startup.HostConfig.deployDirectory Deploying web application directory [/Users/The_Gate/Desktop/apache-tomcat-9.0.13/webapps/.idea]
13-Nov-2018 11:42:12.087 INFO [ContainerBackgroundProcessor[StandardEngine[Catalina]]] org.apache.catalina.startup.HostConfig.deployDirectory Deployment of web application directory [/Users/The_Gate/Desktop/apache-tomcat-9.0.13/webapps/.idea] has finished in [33] ms
2018-11-13 12:21:22.108 java[28089:2635279] GetInputSourceEnabledPrefs user file path = /Users/The_Gate/Library/Preferences/com.apple.HIToolbox.plist
2018-11-13 12:21:22.108 java[28089:2635279] GetInputSourceEnabledPrefs effective user id path = 0
2018-11-13 12:21:22.108 java[28089:2635279] GetInputSourceEnabledPrefs user pref content = <CFBasicHash 0x7ff275d9f140 [0x7fff9ea9a8e0]>{type = immutable dict, count = 6,
entries =>
	0 : <CFString 0x7fff9eb2a6a8 [0x7fff9ea9a8e0]>{contents = "AppleSelectedInputSources"} = <CFArray 0x7ff275d9d310 [0x7fff9ea9a8e0]>{type = immutable, count = 2, values = (
	0 : <CFBasicHash 0x7ff275da0a20 [0x7fff9ea9a8e0]>{type = immutable dict, count = 2,
entries =>
	0 : <CFString 0x7fff9eb08f68 [0x7fff9ea9a8e0]>{contents = "InputSourceKind"} = <CFString 0x7ff275dd3790 [0x7fff9ea9a8e0]>{contents = "Non Keyboard Input Method"}
	1 : Bundle ID = <CFString 0x7ff275da09f0 [0x7fff9ea9a8e0]>{contents = "com.apple.PressAndHold"}
}

	1 : <CFBasicHash 0x7ff275da0a60 [0x7fff9ea9a8e0]>{type = immutable dict, count = 3,
entries =>
	0 : <CFString 0x7fff9eb08f68 [0x7fff9ea9a8e0]>{contents = "InputSourceKind"} = <CFString 0x7fff9eb4e4a8 [0x7fff9ea9a8e0]>{contents = "Keyboard Layout"}
	1 : <CFString 0x7fff9eb03c68 [0x7fff9ea9a8e0]>{contents = "KeyboardLayout Name"} = U.S.
	2 : <CFString 0x7fff9eb3a5e8 [0x7fff9ea9a8e0]>{contents = "KeyboardLayout ID"} = <CFNumber 0x37 [0x7fff9ea9a8e0]>{value = +0, type = kCFNumberSInt64Type}
}

)}
	1 : <CFString 0x7fff9eb0b748 [0x7fff9ea9a8e0]>{contents = "AppleEnabledInputSources"} = <CFArray 0x7ff275d9d7f0 [0x7fff9ea9a8e0]>{type = immutable, count = 6, values = (
	0 : <CFBasicHash 0x7ff275d9d350 [0x7fff9ea9a8e0]>{type = immutable dict, count = 3,
entries =>
	0 : <CFString 0x7fff9eb08f68 [0x7fff9ea9a8e0]>{contents = "InputSourceKind"} = <CFString 0x7fff9eb4e4a8 [0x7fff9ea9a8e0]>{contents = "Keyboard Layout"}
	1 : <CFString 0x7fff9eb03c68 [0x7fff9ea9a8e0]>{contents = "KeyboardLayout Name"} = U.S.
	2 : <CFString 0x7fff9eb3a5e8 [0x7fff9ea9a8e0]>{contents = "KeyboardLayout ID"} = <CFNumber 0x37 [0x7fff9ea9a8e0]>{value = +0, type = kCFNumberSInt64Type}
}

	1 : <CFBasicHash 0x7ff275d8da00 [0x7fff9ea9a8e0]>{type = immutable dict, count = 2,
entries =>
	0 : <CFString 0x7fff9eb08f68 [0x7fff9ea9a8e0]>{contents = "InputSourceKind"} = <CFString 0x7ff275d8d9a0 [0x7fff9ea9a8e0]>{contents = "Non Keyboard Input Method"}
	1 : Bundle ID = <CFString 0x7ff275d8d9d0 [0x7fff9ea9a8e0]>{contents = "com.apple.PressAndHold"}
}

	2 : <CFBasicHash 0x7ff275d9fea0 [0x7fff9ea9a8e0]>{type = immutable dict, count = 2,
entries =>
	0 : <CFString 0x7fff9eb08f68 [0x7fff9ea9a8e0]>{contents = "InputSourceKind"} = <CFString 0x7ff275d8da80 [0x7fff9ea9a8e0]>{contents = "Non Keyboard Input Method"}
	1 : Bundle ID = <CFString 0x7fff9eb73d48 [0x7fff9ea9a8e0]>{contents = "com.apple.CharacterPaletteIM"}
}

	3 : <CFBasicHash 0x7ff275d9ff80 [0x7fff9ea9a8e0]>{type = immutable dict, count = 2,
entries =>
	0 : <CFString 0x7fff9eb08f68 [0x7fff9ea9a8e0]>{contents = "InputSourceKind"} = <CFString 0x7ff275d9ff20 [0x7fff9ea9a8e0]>{contents = "Non Keyboard Input Method"}
	1 : Bundle ID = <CFString 0x7ff275d9ff50 [0x7fff9ea9a8e0]>{contents = "com.apple.KeyboardViewer"}
}

	4 : <CFBasicHash 0x7ff275d88450 [0x7fff9ea9a8e0]>{type = immutable dict, count = 2,
entries =>
	0 : <CFString 0x7fff9eb08f68 [0x7fff9ea9a8e0]>{contents = "InputSourceKind"} = <CFString 0x7ff275d883f0 [0x7fff9ea9a8e0]>{contents = "Non Keyboard Input Method"}
	1 : Bundle ID = <CFString 0x7ff275d88420 [0x7fff9ea9a8e0]>{contents = "com.apple.inputmethod.ironwood"}
}

	5 : <CFBasicHash 0x7ff275d9d790 [0x7fff9ea9a8e0]>{type = immutable dict, count = 3,
entries =>
	0 : <CFString 0x7fff9eb08f68 [0x7fff9ea9a8e0]>{contents = "InputSourceKind"} = <CFString 0x7fff9eb4e4a8 [0x7fff9ea9a8e0]>{contents = "Keyboard Layout"}
	1 : <CFString 0x7fff9eb03c68 [0x7fff9ea9a8e0]>{contents = "KeyboardLayout Name"} = Dvorak
	2 : <CFString 0x7fff9eb3a5e8 [0x7fff9ea9a8e0]>{contents = "KeyboardLayout ID"} = <CFNumber 0x3fac37 [0x7fff9ea9a8e0]>{value = +16300, type = kCFNumberSInt64Type}
}

)}
	2 : <CFString 0x7ff275dd3620 [0x7fff9ea9a8e0]>{contents = "AppleInputSourceHistory"} = <CFArray 0x7ff275d9f080 [0x7fff9ea9a8e0]>{type = immutable, count = 2, values = (
	0 : <CFBasicHash 0x7ff275d9d850 [0x7fff9ea9a8e0]>{type = immutable dict, count = 3,
entries =>
	0 : <CFString 0x7fff9eb08f68 [0x7fff9ea9a8e0]>{contents = "InputSourceKind"} = <CFString 0x7fff9eb4e4a8 [0x7fff9ea9a8e0]>{contents = "Keyboard Layout"}
	1 : <CFString 0x7fff9eb03c68 [0x7fff9ea9a8e0]>{contents = "KeyboardLayout Name"} = U.S.
	2 : <CFString 0x7fff9eb3a5e8 [0x7fff9ea9a8e0]>{contents = "KeyboardLayout ID"} = <CFNumber 0x37 [0x7fff9ea9a8e0]>{value = +0, type = kCFNumberSInt64Type}
}

	1 : <CFBasicHash 0x7ff275d9f020 [0x7fff9ea9a8e0]>{type = immutable dict, count = 3,
entries =>
	0 : <CFString 0x7fff9eb08f68 [0x7fff9ea9a8e0]>{contents = "InputSourceKind"} = <CFString 0x7fff9eb4e4a8 [0x7fff9ea9a8e0]>{contents = "Keyboard Layout"}
	1 : <CFString 0x7fff9eb03c68 [0x7fff9ea9a8e0]>{contents = "KeyboardLayout Name"} = Dvorak
	2 : <CFString 0x7fff9eb3a5e8 [0x7fff9ea9a8e0]>{contents = "KeyboardLayout ID"} = <CFNumber 0x3fac37 [0x7fff9ea9a8e0]>{value = +16300, type = kCFNumberSInt64Type}
}

)}
	3 : <CFString 0x7ff275d9f4f0 [0x7fff9ea9a8e0]>{contents = "AppleSavedCurrentInputSource"} = <CFBasicHash 0x7ff275d9f0c0 [0x7fff9ea9a8e0]>{type = immutable dict, count = 3,
entries =>
	0 : <CFString 0x7fff9eb08f68 [0x7fff9ea9a8e0]>{contents = "InputSourceKind"} = <CFString 0x7fff9eb4e4a8 [0x7fff9ea9a8e0]>{contents = "Keyboard Layout"}
	1 : <CFString 0x7fff9eb03c68 [0x7fff9ea9a8e0]>{contents = "KeyboardLayout Name"} = U.S.
	2 : <CFString 0x7fff9eb3a5e8 [0x7fff9ea9a8e0]>{contents = "KeyboardLayout ID"} = <CFNumber 0x37 [0x7fff9ea9a8e0]>{value = +0, type = kCFNumberSInt64Type}
}

	5 : <CFString 0x7fff9eb7cda8 [0x7fff9ea9a8e0]>{contents = "AppleCurrentKeyboardLayoutInputSourceID"} = <CFString 0x7fff9eb9a808 [0x7fff9ea9a8e0]>{contents = "com.apple.keylayout.US"}
	6 : <CFString 0x7ff275dd3760 [0x7fff9ea9a8e0]>{contents = "AppleDictationAutoEnable"} = <CFNumber 0x137 [0x7fff9ea9a8e0]>{value = +1, type = kCFNumberSInt64Type}
}
13-Nov-2018 12:51:18.439 INFO [main] org.apache.catalina.core.StandardServer.await A valid shutdown command was received via the shutdown port. Stopping the Server instance.
13-Nov-2018 12:51:18.439 INFO [main] org.apache.coyote.AbstractProtocol.pause Pausing ProtocolHandler ["http-nio-8080"]
13-Nov-2018 12:51:18.448 INFO [main] org.apache.coyote.AbstractProtocol.pause Pausing ProtocolHandler ["ajp-nio-8009"]
13-Nov-2018 12:51:18.455 INFO [main] org.apache.catalina.core.StandardService.stopInternal Stopping service [Catalina]
13-Nov-2018 12:51:18.500 INFO [main] org.apache.coyote.AbstractProtocol.stop Stopping ProtocolHandler ["http-nio-8080"]
13-Nov-2018 12:51:18.504 INFO [main] org.apache.coyote.AbstractProtocol.stop Stopping ProtocolHandler ["ajp-nio-8009"]
13-Nov-2018 12:51:18.507 INFO [main] org.apache.coyote.AbstractProtocol.destroy Destroying ProtocolHandler ["http-nio-8080"]
13-Nov-2018 12:51:18.508 INFO [main] org.apache.coyote.AbstractProtocol.destroy Destroying ProtocolHandler ["ajp-nio-8009"]
NOTE: Picked up JDK_JAVA_OPTIONS:  --add-opens=java.base/java.lang=ALL-UNNAMED --add-opens=java.base/java.io=ALL-UNNAMED --add-opens=java.rmi/sun.rmi.transport=ALL-UNNAMED
ERROR: JDWP Non-server transport dt_socket must have a connection address specified through the 'address=' option
ERROR: JDWP invalid option: -agentlib:jdwp=transport=dt_socket,
NOTE: Picked up JDK_JAVA_OPTIONS:  --add-opens=java.base/java.lang=ALL-UNNAMED --add-opens=java.base/java.io=ALL-UNNAMED --add-opens=java.rmi/sun.rmi.transport=ALL-UNNAMED
ERROR: JDWP Non-server transport dt_socket must have a connection address specified through the 'address=' option
ERROR: JDWP invalid option: -agentlib:jdwp=transport=dt_socket,
NOTE: Picked up JDK_JAVA_OPTIONS:  --add-opens=java.base/java.lang=ALL-UNNAMED --add-opens=java.base/java.io=ALL-UNNAMED --add-opens=java.rmi/sun.rmi.transport=ALL-UNNAMED
13-Nov-2018 18:16:58.662 INFO [main] org.apache.catalina.startup.VersionLoggerListener.log Server version:        Apache Tomcat/9.0.13
13-Nov-2018 18:16:58.666 INFO [main] org.apache.catalina.startup.VersionLoggerListener.log Server built:          Nov 2 2018 14:27:55 UTC
13-Nov-2018 18:16:58.666 INFO [main] org.apache.catalina.startup.VersionLoggerListener.log Server number:         9.0.13.0
13-Nov-2018 18:16:58.667 INFO [main] org.apache.catalina.startup.VersionLoggerListener.log OS Name:               Mac OS X
13-Nov-2018 18:16:58.667 INFO [main] org.apache.catalina.startup.VersionLoggerListener.log OS Version:            10.14
13-Nov-2018 18:16:58.667 INFO [main] org.apache.catalina.startup.VersionLoggerListener.log Architecture:          x86_64
13-Nov-2018 18:16:58.667 INFO [main] org.apache.catalina.startup.VersionLoggerListener.log Java Home:             /Library/Java/JavaVirtualMachines/jdk-11.0.1.jdk/Contents/Home
13-Nov-2018 18:16:58.667 INFO [main] org.apache.catalina.startup.VersionLoggerListener.log JVM Version:           11.0.1+13-LTS
13-Nov-2018 18:16:58.667 INFO [main] org.apache.catalina.startup.VersionLoggerListener.log JVM Vendor:            Oracle Corporation
13-Nov-2018 18:16:58.667 INFO [main] org.apache.catalina.startup.VersionLoggerListener.log CATALINA_BASE:         /Users/The_Gate/Desktop/apache-tomcat-9.0.13
13-Nov-2018 18:16:58.668 INFO [main] org.apache.catalina.startup.VersionLoggerListener.log CATALINA_HOME:         /Users/The_Gate/Desktop/apache-tomcat-9.0.13
13-Nov-2018 18:16:58.671 INFO [main] org.apache.catalina.startup.VersionLoggerListener.log Command line argument: --add-opens=java.base/java.lang=ALL-UNNAMED
13-Nov-2018 18:16:58.671 INFO [main] org.apache.catalina.startup.VersionLoggerListener.log Command line argument: --add-opens=java.base/java.io=ALL-UNNAMED
13-Nov-2018 18:16:58.671 INFO [main] org.apache.catalina.startup.VersionLoggerListener.log Command line argument: --add-opens=java.rmi/sun.rmi.transport=ALL-UNNAMED
13-Nov-2018 18:16:58.671 INFO [main] org.apache.catalina.startup.VersionLoggerListener.log Command line argument: -Djava.util.logging.config.file=/Users/The_Gate/Desktop/apache-tomcat-9.0.13/conf/logging.properties
13-Nov-2018 18:16:58.672 INFO [main] org.apache.catalina.startup.VersionLoggerListener.log Command line argument: -Djava.util.logging.manager=org.apache.juli.ClassLoaderLogManager
13-Nov-2018 18:16:58.672 INFO [main] org.apache.catalina.startup.VersionLoggerListener.log Command line argument: -Djdk.tls.ephemeralDHKeySize=2048
13-Nov-2018 18:16:58.672 INFO [main] org.apache.catalina.startup.VersionLoggerListener.log Command line argument: -Djava.protocol.handler.pkgs=org.apache.catalina.webresources
13-Nov-2018 18:16:58.672 INFO [main] org.apache.catalina.startup.VersionLoggerListener.log Command line argument: -Dorg.apache.catalina.security.SecurityListener.UMASK=0027
13-Nov-2018 18:16:58.672 INFO [main] org.apache.catalina.startup.VersionLoggerListener.log Command line argument: -Dignore.endorsed.dirs=
13-Nov-2018 18:16:58.672 INFO [main] org.apache.catalina.startup.VersionLoggerListener.log Command line argument: -Dcatalina.base=/Users/The_Gate/Desktop/apache-tomcat-9.0.13
13-Nov-2018 18:16:58.672 INFO [main] org.apache.catalina.startup.VersionLoggerListener.log Command line argument: -Dcatalina.home=/Users/The_Gate/Desktop/apache-tomcat-9.0.13
13-Nov-2018 18:16:58.672 INFO [main] org.apache.catalina.startup.VersionLoggerListener.log Command line argument: -Djava.io.tmpdir=/Users/The_Gate/Desktop/apache-tomcat-9.0.13/temp
13-Nov-2018 18:16:58.673 INFO [main] org.apache.catalina.core.AprLifecycleListener.lifecycleEvent The APR based Apache Tomcat Native library which allows optimal performance in production environments was not found on the java.library.path: [/Users/The_Gate/Library/Java/Extensions:/Library/Java/Extensions:/Network/Library/Java/Extensions:/System/Library/Java/Extensions:/usr/lib/java:.]
13-Nov-2018 18:16:58.714 INFO [main] org.apache.coyote.AbstractProtocol.init Initializing ProtocolHandler ["http-nio-8080"]
13-Nov-2018 18:16:58.742 INFO [main] org.apache.tomcat.util.net.NioSelectorPool.getSharedSelector Using a shared selector for servlet write/read
13-Nov-2018 18:16:58.753 INFO [main] org.apache.coyote.AbstractProtocol.init Initializing ProtocolHandler ["ajp-nio-8009"]
13-Nov-2018 18:16:58.754 INFO [main] org.apache.tomcat.util.net.NioSelectorPool.getSharedSelector Using a shared selector for servlet write/read
13-Nov-2018 18:16:58.755 INFO [main] org.apache.catalina.startup.Catalina.load Initialization processed in 573 ms
13-Nov-2018 18:16:58.804 INFO [main] org.apache.catalina.core.StandardService.startInternal Starting service [Catalina]
13-Nov-2018 18:16:58.805 INFO [main] org.apache.catalina.core.StandardEngine.startInternal Starting Servlet Engine: Apache Tomcat/9.0.13
13-Nov-2018 18:16:58.812 INFO [main] org.apache.catalina.startup.HostConfig.deployDirectory Deploying web application directory [/Users/The_Gate/Desktop/apache-tomcat-9.0.13/webapps/docs]
13-Nov-2018 18:16:59.134 INFO [main] org.apache.catalina.startup.HostConfig.deployDirectory Deployment of web application directory [/Users/The_Gate/Desktop/apache-tomcat-9.0.13/webapps/docs] has finished in [323] ms
13-Nov-2018 18:16:59.135 INFO [main] org.apache.catalina.startup.HostConfig.deployDirectory Deploying web application directory [/Users/The_Gate/Desktop/apache-tomcat-9.0.13/webapps/manager]
13-Nov-2018 18:16:59.164 INFO [main] org.apache.catalina.startup.HostConfig.deployDirectory Deployment of web application directory [/Users/The_Gate/Desktop/apache-tomcat-9.0.13/webapps/manager] has finished in [28] ms
13-Nov-2018 18:16:59.164 INFO [main] org.apache.catalina.startup.HostConfig.deployDirectory Deploying web application directory [/Users/The_Gate/Desktop/apache-tomcat-9.0.13/webapps/examples]
13-Nov-2018 18:16:59.397 INFO [main] org.apache.catalina.startup.HostConfig.deployDirectory Deployment of web application directory [/Users/The_Gate/Desktop/apache-tomcat-9.0.13/webapps/examples] has finished in [233] ms
13-Nov-2018 18:16:59.397 INFO [main] org.apache.catalina.startup.HostConfig.deployDirectory Deploying web application directory [/Users/The_Gate/Desktop/apache-tomcat-9.0.13/webapps/ROOT]
13-Nov-2018 18:16:59.412 INFO [main] org.apache.catalina.startup.HostConfig.deployDirectory Deployment of web application directory [/Users/The_Gate/Desktop/apache-tomcat-9.0.13/webapps/ROOT] has finished in [15] ms
13-Nov-2018 18:16:59.412 INFO [main] org.apache.catalina.startup.HostConfig.deployDirectory Deploying web application directory [/Users/The_Gate/Desktop/apache-tomcat-9.0.13/webapps/host-manager]
13-Nov-2018 18:16:59.432 INFO [main] org.apache.catalina.startup.HostConfig.deployDirectory Deployment of web application directory [/Users/The_Gate/Desktop/apache-tomcat-9.0.13/webapps/host-manager] has finished in [20] ms
13-Nov-2018 18:16:59.433 INFO [main] org.apache.catalina.startup.HostConfig.deployDirectory Deploying web application directory [/Users/The_Gate/Desktop/apache-tomcat-9.0.13/webapps/.idea]
13-Nov-2018 18:16:59.464 INFO [main] org.apache.catalina.startup.HostConfig.deployDirectory Deployment of web application directory [/Users/The_Gate/Desktop/apache-tomcat-9.0.13/webapps/.idea] has finished in [31] ms
13-Nov-2018 18:16:59.466 INFO [main] org.apache.coyote.AbstractProtocol.start Starting ProtocolHandler ["http-nio-8080"]
13-Nov-2018 18:16:59.474 INFO [main] org.apache.coyote.AbstractProtocol.start Starting ProtocolHandler ["ajp-nio-8009"]
13-Nov-2018 18:16:59.476 INFO [main] org.apache.catalina.startup.Catalina.start Server startup in 721 ms
13-Nov-2018 18:17:02.512 SEVERE [http-nio-8080-exec-1] org.apache.jsp.index_jsp._jspService Log Test 2
13-Nov-2018 18:17:02.515 WARNING [http-nio-8080-exec-1] org.apache.jsp.index_jsp._jspService Log Test 2
13-Nov-2018 18:17:02.516 INFO [http-nio-8080-exec-1] org.apache.jsp.index_jsp._jspService Log Test 2
13-Nov-2018 18:18:30.906 WARNING [main] org.apache.catalina.core.StandardServer.await StandardServer.await: Invalid command 'GET / HTTP/1.1' received
13-Nov-2018 18:18:31.006 WARNING [main] org.apache.catalina.core.StandardServer.await StandardServer.await: Invalid command 'GET / HTTP/1.1' received
13-Nov-2018 18:18:31.208 WARNING [main] org.apache.catalina.core.StandardServer.await StandardServer.await: Invalid command 'GET / HTTP/1.1' received
13-Nov-2018 18:18:31.209 WARNING [main] org.apache.catalina.core.StandardServer.await StandardServer.await: Invalid command 'GET / HTTP/1.1' received
13-Nov-2018 18:18:31.210 WARNING [main] org.apache.catalina.core.StandardServer.await StandardServer.await: Invalid command 'GET / HTTP/1.1' received
13-Nov-2018 18:18:38.968 WARNING [main] org.apache.catalina.core.StandardServer.await StandardServer.await: Invalid command 'GET / HTTP/1.1' received
13-Nov-2018 18:18:38.968 WARNING [main] org.apache.catalina.core.StandardServer.await StandardServer.await: Invalid command 'GET / HTTP/1.1' received
13-Nov-2018 18:18:44.010 WARNING [main] org.apache.catalina.core.StandardServer.await StandardServer.await: Invalid command 'GET / HTTP/1.1' received
13-Nov-2018 18:18:44.011 WARNING [main] org.apache.catalina.core.StandardServer.await StandardServer.await: Invalid command 'GET / HTTP/1.1' received
13-Nov-2018 18:18:44.013 WARNING [main] org.apache.catalina.core.StandardServer.await StandardServer.await: Invalid command 'GET / HTTP/1.1' received
13-Nov-2018 18:18:54.110 INFO [main] org.apache.catalina.core.StandardServer.await A valid shutdown command was received via the shutdown port. Stopping the Server instance.
13-Nov-2018 18:18:54.111 INFO [main] org.apache.coyote.AbstractProtocol.pause Pausing ProtocolHandler ["http-nio-8080"]
13-Nov-2018 18:18:54.119 INFO [main] org.apache.coyote.AbstractProtocol.pause Pausing ProtocolHandler ["ajp-nio-8009"]
13-Nov-2018 18:18:54.127 INFO [main] org.apache.catalina.core.StandardService.stopInternal Stopping service [Catalina]
13-Nov-2018 18:18:54.156 INFO [main] org.apache.coyote.AbstractProtocol.stop Stopping ProtocolHandler ["http-nio-8080"]
13-Nov-2018 18:18:54.159 INFO [main] org.apache.coyote.AbstractProtocol.stop Stopping ProtocolHandler ["ajp-nio-8009"]
13-Nov-2018 18:18:54.161 INFO [main] org.apache.coyote.AbstractProtocol.destroy Destroying ProtocolHandler ["http-nio-8080"]
13-Nov-2018 18:18:54.163 INFO [main] org.apache.coyote.AbstractProtocol.destroy Destroying ProtocolHandler ["ajp-nio-8009"]
NOTE: Picked up JDK_JAVA_OPTIONS:  --add-opens=java.base/java.lang=ALL-UNNAMED --add-opens=java.base/java.io=ALL-UNNAMED --add-opens=java.rmi/sun.rmi.transport=ALL-UNNAMED
13-Nov-2018 18:32:48.002 INFO [main] org.apache.catalina.startup.VersionLoggerListener.log Server version:        Apache Tomcat/9.0.13
13-Nov-2018 18:32:48.006 INFO [main] org.apache.catalina.startup.VersionLoggerListener.log Server built:          Nov 2 2018 14:27:55 UTC
13-Nov-2018 18:32:48.006 INFO [main] org.apache.catalina.startup.VersionLoggerListener.log Server number:         9.0.13.0
13-Nov-2018 18:32:48.006 INFO [main] org.apache.catalina.startup.VersionLoggerListener.log OS Name:               Mac OS X
13-Nov-2018 18:32:48.007 INFO [main] org.apache.catalina.startup.VersionLoggerListener.log OS Version:            10.14
13-Nov-2018 18:32:48.007 INFO [main] org.apache.catalina.startup.VersionLoggerListener.log Architecture:          x86_64
13-Nov-2018 18:32:48.007 INFO [main] org.apache.catalina.startup.VersionLoggerListener.log Java Home:             /Library/Java/JavaVirtualMachines/jdk-11.0.1.jdk/Contents/Home
13-Nov-2018 18:32:48.007 INFO [main] org.apache.catalina.startup.VersionLoggerListener.log JVM Version:           11.0.1+13-LTS
13-Nov-2018 18:32:48.007 INFO [main] org.apache.catalina.startup.VersionLoggerListener.log JVM Vendor:            Oracle Corporation
13-Nov-2018 18:32:48.008 INFO [main] org.apache.catalina.startup.VersionLoggerListener.log CATALINA_BASE:         /Users/The_Gate/Desktop/apache-tomcat-9.0.13
13-Nov-2018 18:32:48.008 INFO [main] org.apache.catalina.startup.VersionLoggerListener.log CATALINA_HOME:         /Users/The_Gate/Desktop/apache-tomcat-9.0.13
13-Nov-2018 18:32:48.011 INFO [main] org.apache.catalina.startup.VersionLoggerListener.log Command line argument: --add-opens=java.base/java.lang=ALL-UNNAMED
13-Nov-2018 18:32:48.011 INFO [main] org.apache.catalina.startup.VersionLoggerListener.log Command line argument: --add-opens=java.base/java.io=ALL-UNNAMED
13-Nov-2018 18:32:48.011 INFO [main] org.apache.catalina.startup.VersionLoggerListener.log Command line argument: --add-opens=java.rmi/sun.rmi.transport=ALL-UNNAMED
13-Nov-2018 18:32:48.011 INFO [main] org.apache.catalina.startup.VersionLoggerListener.log Command line argument: -Djava.util.logging.config.file=/Users/The_Gate/Desktop/apache-tomcat-9.0.13/conf/logging.properties
13-Nov-2018 18:32:48.012 INFO [main] org.apache.catalina.startup.VersionLoggerListener.log Command line argument: -Djava.util.logging.manager=org.apache.juli.ClassLoaderLogManager
13-Nov-2018 18:32:48.012 INFO [main] org.apache.catalina.startup.VersionLoggerListener.log Command line argument: -Djdk.tls.ephemeralDHKeySize=2048
13-Nov-2018 18:32:48.012 INFO [main] org.apache.catalina.startup.VersionLoggerListener.log Command line argument: -Djava.protocol.handler.pkgs=org.apache.catalina.webresources
13-Nov-2018 18:32:48.012 INFO [main] org.apache.catalina.startup.VersionLoggerListener.log Command line argument: -Dorg.apache.catalina.security.SecurityListener.UMASK=0027
13-Nov-2018 18:32:48.012 INFO [main] org.apache.catalina.startup.VersionLoggerListener.log Command line argument: -Dignore.endorsed.dirs=
13-Nov-2018 18:32:48.012 INFO [main] org.apache.catalina.startup.VersionLoggerListener.log Command line argument: -Dcatalina.base=/Users/The_Gate/Desktop/apache-tomcat-9.0.13
13-Nov-2018 18:32:48.012 INFO [main] org.apache.catalina.startup.VersionLoggerListener.log Command line argument: -Dcatalina.home=/Users/The_Gate/Desktop/apache-tomcat-9.0.13
13-Nov-2018 18:32:48.013 INFO [main] org.apache.catalina.startup.VersionLoggerListener.log Command line argument: -Djava.io.tmpdir=/Users/The_Gate/Desktop/apache-tomcat-9.0.13/temp
13-Nov-2018 18:32:48.013 INFO [main] org.apache.catalina.core.AprLifecycleListener.lifecycleEvent The APR based Apache Tomcat Native library which allows optimal performance in production environments was not found on the java.library.path: [/Users/The_Gate/Library/Java/Extensions:/Library/Java/Extensions:/Network/Library/Java/Extensions:/System/Library/Java/Extensions:/usr/lib/java:.]
13-Nov-2018 18:32:48.062 INFO [main] org.apache.coyote.AbstractProtocol.init Initializing ProtocolHandler ["http-nio-8080"]
13-Nov-2018 18:32:48.096 INFO [main] org.apache.tomcat.util.net.NioSelectorPool.getSharedSelector Using a shared selector for servlet write/read
13-Nov-2018 18:32:48.113 INFO [main] org.apache.coyote.AbstractProtocol.init Initializing ProtocolHandler ["ajp-nio-8009"]
13-Nov-2018 18:32:48.115 INFO [main] org.apache.tomcat.util.net.NioSelectorPool.getSharedSelector Using a shared selector for servlet write/read
13-Nov-2018 18:32:48.116 INFO [main] org.apache.catalina.startup.Catalina.load Initialization processed in 592 ms
13-Nov-2018 18:32:48.186 INFO [main] org.apache.catalina.core.StandardService.startInternal Starting service [Catalina]
13-Nov-2018 18:32:48.187 INFO [main] org.apache.catalina.core.StandardEngine.startInternal Starting Servlet Engine: Apache Tomcat/9.0.13
13-Nov-2018 18:32:48.197 INFO [main] org.apache.catalina.startup.HostConfig.deployDirectory Deploying web application directory [/Users/The_Gate/Desktop/apache-tomcat-9.0.13/webapps/docs]
13-Nov-2018 18:32:48.618 INFO [main] org.apache.catalina.startup.HostConfig.deployDirectory Deployment of web application directory [/Users/The_Gate/Desktop/apache-tomcat-9.0.13/webapps/docs] has finished in [419] ms
13-Nov-2018 18:32:48.618 INFO [main] org.apache.catalina.startup.HostConfig.deployDirectory Deploying web application directory [/Users/The_Gate/Desktop/apache-tomcat-9.0.13/webapps/manager]
13-Nov-2018 18:32:48.660 INFO [main] org.apache.catalina.startup.HostConfig.deployDirectory Deployment of web application directory [/Users/The_Gate/Desktop/apache-tomcat-9.0.13/webapps/manager] has finished in [41] ms
13-Nov-2018 18:32:48.660 INFO [main] org.apache.catalina.startup.HostConfig.deployDirectory Deploying web application directory [/Users/The_Gate/Desktop/apache-tomcat-9.0.13/webapps/examples]
13-Nov-2018 18:32:48.931 INFO [main] org.apache.catalina.startup.HostConfig.deployDirectory Deployment of web application directory [/Users/The_Gate/Desktop/apache-tomcat-9.0.13/webapps/examples] has finished in [270] ms
13-Nov-2018 18:32:48.931 INFO [main] org.apache.catalina.startup.HostConfig.deployDirectory Deploying web application directory [/Users/The_Gate/Desktop/apache-tomcat-9.0.13/webapps/ROOT]
13-Nov-2018 18:32:48.949 INFO [main] org.apache.catalina.startup.HostConfig.deployDirectory Deployment of web application directory [/Users/The_Gate/Desktop/apache-tomcat-9.0.13/webapps/ROOT] has finished in [18] ms
13-Nov-2018 18:32:48.949 INFO [main] org.apache.catalina.startup.HostConfig.deployDirectory Deploying web application directory [/Users/The_Gate/Desktop/apache-tomcat-9.0.13/webapps/host-manager]
13-Nov-2018 18:32:48.974 INFO [main] org.apache.catalina.startup.HostConfig.deployDirectory Deployment of web application directory [/Users/The_Gate/Desktop/apache-tomcat-9.0.13/webapps/host-manager] has finished in [25] ms
13-Nov-2018 18:32:48.975 INFO [main] org.apache.catalina.startup.HostConfig.deployDirectory Deploying web application directory [/Users/The_Gate/Desktop/apache-tomcat-9.0.13/webapps/.idea]
13-Nov-2018 18:32:49.013 INFO [main] org.apache.catalina.startup.HostConfig.deployDirectory Deployment of web application directory [/Users/The_Gate/Desktop/apache-tomcat-9.0.13/webapps/.idea] has finished in [37] ms
13-Nov-2018 18:32:49.015 INFO [main] org.apache.coyote.AbstractProtocol.start Starting ProtocolHandler ["http-nio-8080"]
13-Nov-2018 18:32:49.025 INFO [main] org.apache.coyote.AbstractProtocol.start Starting ProtocolHandler ["ajp-nio-8009"]
13-Nov-2018 18:32:49.028 INFO [main] org.apache.catalina.startup.Catalina.start Server startup in 911 ms
13-Nov-2018 18:32:50.359 SEVERE [http-nio-8080-exec-1] org.apache.jsp.index_jsp._jspService Log Test 2
13-Nov-2018 18:32:50.363 WARNING [http-nio-8080-exec-1] org.apache.jsp.index_jsp._jspService Log Test 2
13-Nov-2018 18:32:50.364 INFO [http-nio-8080-exec-1] org.apache.jsp.index_jsp._jspService Log Test 2
13-Nov-2018 20:07:32.412 INFO [main] org.apache.catalina.core.StandardServer.await A valid shutdown command was received via the shutdown port. Stopping the Server instance.
13-Nov-2018 20:07:32.413 INFO [main] org.apache.coyote.AbstractProtocol.pause Pausing ProtocolHandler ["http-nio-8080"]
13-Nov-2018 20:07:32.424 INFO [main] org.apache.coyote.AbstractProtocol.pause Pausing ProtocolHandler ["ajp-nio-8009"]
13-Nov-2018 20:07:32.431 INFO [main] org.apache.catalina.core.StandardService.stopInternal Stopping service [Catalina]
13-Nov-2018 20:07:32.455 INFO [main] org.apache.coyote.AbstractProtocol.stop Stopping ProtocolHandler ["http-nio-8080"]
13-Nov-2018 20:07:32.458 INFO [main] org.apache.coyote.AbstractProtocol.stop Stopping ProtocolHandler ["ajp-nio-8009"]
13-Nov-2018 20:07:32.460 INFO [main] org.apache.coyote.AbstractProtocol.destroy Destroying ProtocolHandler ["http-nio-8080"]
13-Nov-2018 20:07:32.461 INFO [main] org.apache.coyote.AbstractProtocol.destroy Destroying ProtocolHandler ["ajp-nio-8009"]
NOTE: Picked up JDK_JAVA_OPTIONS:  --add-opens=java.base/java.lang=ALL-UNNAMED --add-opens=java.base/java.io=ALL-UNNAMED --add-opens=java.rmi/sun.rmi.transport=ALL-UNNAMED
ERROR: JDWP Non-server transport dt_socket must have a connection address specified through the 'address=' option
ERROR: JDWP invalid option: -agentlib:jdwp=transport=dt_socket,
NOTE: Picked up JDK_JAVA_OPTIONS:  --add-opens=java.base/java.lang=ALL-UNNAMED --add-opens=java.base/java.io=ALL-UNNAMED --add-opens=java.rmi/sun.rmi.transport=ALL-UNNAMED
13-Nov-2018 20:15:39.237 INFO [main] org.apache.catalina.startup.VersionLoggerListener.log Server version:        Apache Tomcat/9.0.13
13-Nov-2018 20:15:39.243 INFO [main] org.apache.catalina.startup.VersionLoggerListener.log Server built:          Nov 2 2018 14:27:55 UTC
13-Nov-2018 20:15:39.243 INFO [main] org.apache.catalina.startup.VersionLoggerListener.log Server number:         9.0.13.0
13-Nov-2018 20:15:39.243 INFO [main] org.apache.catalina.startup.VersionLoggerListener.log OS Name:               Mac OS X
13-Nov-2018 20:15:39.243 INFO [main] org.apache.catalina.startup.VersionLoggerListener.log OS Version:            10.14
13-Nov-2018 20:15:39.244 INFO [main] org.apache.catalina.startup.VersionLoggerListener.log Architecture:          x86_64
13-Nov-2018 20:15:39.244 INFO [main] org.apache.catalina.startup.VersionLoggerListener.log Java Home:             /Library/Java/JavaVirtualMachines/jdk-11.0.1.jdk/Contents/Home
13-Nov-2018 20:15:39.244 INFO [main] org.apache.catalina.startup.VersionLoggerListener.log JVM Version:           11.0.1+13-LTS
13-Nov-2018 20:15:39.244 INFO [main] org.apache.catalina.startup.VersionLoggerListener.log JVM Vendor:            Oracle Corporation
13-Nov-2018 20:15:39.244 INFO [main] org.apache.catalina.startup.VersionLoggerListener.log CATALINA_BASE:         /Users/The_Gate/Desktop/apache-tomcat-9.0.13
13-Nov-2018 20:15:39.245 INFO [main] org.apache.catalina.startup.VersionLoggerListener.log CATALINA_HOME:         /Users/The_Gate/Desktop/apache-tomcat-9.0.13
13-Nov-2018 20:15:39.248 INFO [main] org.apache.catalina.startup.VersionLoggerListener.log Command line argument: --add-opens=java.base/java.lang=ALL-UNNAMED
13-Nov-2018 20:15:39.249 INFO [main] org.apache.catalina.startup.VersionLoggerListener.log Command line argument: --add-opens=java.base/java.io=ALL-UNNAMED
13-Nov-2018 20:15:39.249 INFO [main] org.apache.catalina.startup.VersionLoggerListener.log Command line argument: --add-opens=java.rmi/sun.rmi.transport=ALL-UNNAMED
13-Nov-2018 20:15:39.249 INFO [main] org.apache.catalina.startup.VersionLoggerListener.log Command line argument: -Djava.util.logging.config.file=/Users/The_Gate/Desktop/apache-tomcat-9.0.13/conf/logging.properties
13-Nov-2018 20:15:39.249 INFO [main] org.apache.catalina.startup.VersionLoggerListener.log Command line argument: -Djava.util.logging.manager=org.apache.juli.ClassLoaderLogManager
13-Nov-2018 20:15:39.250 INFO [main] org.apache.catalina.startup.VersionLoggerListener.log Command line argument: -Djdk.tls.ephemeralDHKeySize=2048
13-Nov-2018 20:15:39.250 INFO [main] org.apache.catalina.startup.VersionLoggerListener.log Command line argument: -Djava.protocol.handler.pkgs=org.apache.catalina.webresources
13-Nov-2018 20:15:39.251 INFO [main] org.apache.catalina.startup.VersionLoggerListener.log Command line argument: -Dorg.apache.catalina.security.SecurityListener.UMASK=0027
13-Nov-2018 20:15:39.251 INFO [main] org.apache.catalina.startup.VersionLoggerListener.log Command line argument: -Dignore.endorsed.dirs=
13-Nov-2018 20:15:39.251 INFO [main] org.apache.catalina.startup.VersionLoggerListener.log Command line argument: -Dcatalina.base=/Users/The_Gate/Desktop/apache-tomcat-9.0.13
13-Nov-2018 20:15:39.252 INFO [main] org.apache.catalina.startup.VersionLoggerListener.log Command line argument: -Dcatalina.home=/Users/The_Gate/Desktop/apache-tomcat-9.0.13
13-Nov-2018 20:15:39.252 INFO [main] org.apache.catalina.startup.VersionLoggerListener.log Command line argument: -Djava.io.tmpdir=/Users/The_Gate/Desktop/apache-tomcat-9.0.13/temp
13-Nov-2018 20:15:39.252 INFO [main] org.apache.catalina.core.AprLifecycleListener.lifecycleEvent The APR based Apache Tomcat Native library which allows optimal performance in production environments was not found on the java.library.path: [/Users/The_Gate/Library/Java/Extensions:/Library/Java/Extensions:/Network/Library/Java/Extensions:/System/Library/Java/Extensions:/usr/lib/java:.]
13-Nov-2018 20:15:39.317 INFO [main] org.apache.coyote.AbstractProtocol.init Initializing ProtocolHandler ["http-nio-8080"]
13-Nov-2018 20:15:39.355 INFO [main] org.apache.tomcat.util.net.NioSelectorPool.getSharedSelector Using a shared selector for servlet write/read
13-Nov-2018 20:15:39.374 INFO [main] org.apache.coyote.AbstractProtocol.init Initializing ProtocolHandler ["ajp-nio-8009"]
13-Nov-2018 20:15:39.376 INFO [main] org.apache.tomcat.util.net.NioSelectorPool.getSharedSelector Using a shared selector for servlet write/read
13-Nov-2018 20:15:39.376 INFO [main] org.apache.catalina.startup.Catalina.load Initialization processed in 669 ms
13-Nov-2018 20:15:39.455 INFO [main] org.apache.catalina.core.StandardService.startInternal Starting service [Catalina]
13-Nov-2018 20:15:39.456 INFO [main] org.apache.catalina.core.StandardEngine.startInternal Starting Servlet Engine: Apache Tomcat/9.0.13
13-Nov-2018 20:15:39.465 INFO [main] org.apache.catalina.startup.HostConfig.deployDirectory Deploying web application directory [/Users/The_Gate/Desktop/apache-tomcat-9.0.13/webapps/docs]
13-Nov-2018 20:15:39.926 INFO [main] org.apache.catalina.startup.HostConfig.deployDirectory Deployment of web application directory [/Users/The_Gate/Desktop/apache-tomcat-9.0.13/webapps/docs] has finished in [460] ms
13-Nov-2018 20:15:39.926 INFO [main] org.apache.catalina.startup.HostConfig.deployDirectory Deploying web application directory [/Users/The_Gate/Desktop/apache-tomcat-9.0.13/webapps/manager]
13-Nov-2018 20:15:39.963 INFO [main] org.apache.catalina.startup.HostConfig.deployDirectory Deployment of web application directory [/Users/The_Gate/Desktop/apache-tomcat-9.0.13/webapps/manager] has finished in [37] ms
13-Nov-2018 20:15:39.963 INFO [main] org.apache.catalina.startup.HostConfig.deployDirectory Deploying web application directory [/Users/The_Gate/Desktop/apache-tomcat-9.0.13/webapps/examples]
13-Nov-2018 20:15:40.246 INFO [main] org.apache.catalina.startup.HostConfig.deployDirectory Deployment of web application directory [/Users/The_Gate/Desktop/apache-tomcat-9.0.13/webapps/examples] has finished in [283] ms
13-Nov-2018 20:15:40.246 INFO [main] org.apache.catalina.startup.HostConfig.deployDirectory Deploying web application directory [/Users/The_Gate/Desktop/apache-tomcat-9.0.13/webapps/ROOT]
13-Nov-2018 20:15:40.277 INFO [main] org.apache.catalina.startup.HostConfig.deployDirectory Deployment of web application directory [/Users/The_Gate/Desktop/apache-tomcat-9.0.13/webapps/ROOT] has finished in [31] ms
13-Nov-2018 20:15:40.278 INFO [main] org.apache.catalina.startup.HostConfig.deployDirectory Deploying web application directory [/Users/The_Gate/Desktop/apache-tomcat-9.0.13/webapps/host-manager]
13-Nov-2018 20:15:40.308 INFO [main] org.apache.catalina.startup.HostConfig.deployDirectory Deployment of web application directory [/Users/The_Gate/Desktop/apache-tomcat-9.0.13/webapps/host-manager] has finished in [30] ms
13-Nov-2018 20:15:40.309 INFO [main] org.apache.catalina.startup.HostConfig.deployDirectory Deploying web application directory [/Users/The_Gate/Desktop/apache-tomcat-9.0.13/webapps/.idea]
13-Nov-2018 20:15:40.341 INFO [main] org.apache.catalina.startup.HostConfig.deployDirectory Deployment of web application directory [/Users/The_Gate/Desktop/apache-tomcat-9.0.13/webapps/.idea] has finished in [32] ms
13-Nov-2018 20:15:40.344 INFO [main] org.apache.coyote.AbstractProtocol.start Starting ProtocolHandler ["http-nio-8080"]
13-Nov-2018 20:15:40.354 INFO [main] org.apache.coyote.AbstractProtocol.start Starting ProtocolHandler ["ajp-nio-8009"]
13-Nov-2018 20:15:40.356 INFO [main] org.apache.catalina.startup.Catalina.start Server startup in 979 ms
13-Nov-2018 20:16:20.415 SEVERE [http-nio-8080-exec-1] org.apache.jsp.index_jsp._jspService Log Test 2
13-Nov-2018 20:16:20.420 WARNING [http-nio-8080-exec-1] org.apache.jsp.index_jsp._jspService Log Test 2
13-Nov-2018 20:16:20.420 INFO [http-nio-8080-exec-1] org.apache.jsp.index_jsp._jspService Log Test 2
13-Nov-2018 20:16:34.011 INFO [main] org.apache.catalina.core.StandardServer.await A valid shutdown command was received via the shutdown port. Stopping the Server instance.
13-Nov-2018 20:16:34.012 INFO [main] org.apache.coyote.AbstractProtocol.pause Pausing ProtocolHandler ["http-nio-8080"]
13-Nov-2018 20:16:34.021 INFO [main] org.apache.coyote.AbstractProtocol.pause Pausing ProtocolHandler ["ajp-nio-8009"]
13-Nov-2018 20:16:34.027 INFO [main] org.apache.catalina.core.StandardService.stopInternal Stopping service [Catalina]
13-Nov-2018 20:16:34.057 INFO [main] org.apache.coyote.AbstractProtocol.stop Stopping ProtocolHandler ["http-nio-8080"]
13-Nov-2018 20:16:34.061 INFO [main] org.apache.coyote.AbstractProtocol.stop Stopping ProtocolHandler ["ajp-nio-8009"]
13-Nov-2018 20:16:34.063 INFO [main] org.apache.coyote.AbstractProtocol.destroy Destroying ProtocolHandler ["http-nio-8080"]
13-Nov-2018 20:16:34.064 INFO [main] org.apache.coyote.AbstractProtocol.destroy Destroying ProtocolHandler ["ajp-nio-8009"]
NOTE: Picked up JDK_JAVA_OPTIONS:  --add-opens=java.base/java.lang=ALL-UNNAMED --add-opens=java.base/java.io=ALL-UNNAMED --add-opens=java.rmi/sun.rmi.transport=ALL-UNNAMED
13-Nov-2018 23:33:23.942 INFO [main] org.apache.catalina.startup.VersionLoggerListener.log Server version:        Apache Tomcat/9.0.13
13-Nov-2018 23:33:23.946 INFO [main] org.apache.catalina.startup.VersionLoggerListener.log Server built:          Nov 2 2018 14:27:55 UTC
13-Nov-2018 23:33:23.947 INFO [main] org.apache.catalina.startup.VersionLoggerListener.log Server number:         9.0.13.0
13-Nov-2018 23:33:23.947 INFO [main] org.apache.catalina.startup.VersionLoggerListener.log OS Name:               Mac OS X
13-Nov-2018 23:33:23.947 INFO [main] org.apache.catalina.startup.VersionLoggerListener.log OS Version:            10.14.1
13-Nov-2018 23:33:23.947 INFO [main] org.apache.catalina.startup.VersionLoggerListener.log Architecture:          x86_64
13-Nov-2018 23:33:23.948 INFO [main] org.apache.catalina.startup.VersionLoggerListener.log Java Home:             /Library/Java/JavaVirtualMachines/jdk-11.0.1.jdk/Contents/Home
13-Nov-2018 23:33:23.948 INFO [main] org.apache.catalina.startup.VersionLoggerListener.log JVM Version:           11.0.1+13-LTS
13-Nov-2018 23:33:23.948 INFO [main] org.apache.catalina.startup.VersionLoggerListener.log JVM Vendor:            Oracle Corporation
13-Nov-2018 23:33:23.948 INFO [main] org.apache.catalina.startup.VersionLoggerListener.log CATALINA_BASE:         /Users/The_Gate/Desktop/apache-tomcat-9.0.13
13-Nov-2018 23:33:23.948 INFO [main] org.apache.catalina.startup.VersionLoggerListener.log CATALINA_HOME:         /Users/The_Gate/Desktop/apache-tomcat-9.0.13
13-Nov-2018 23:33:23.951 INFO [main] org.apache.catalina.startup.VersionLoggerListener.log Command line argument: --add-opens=java.base/java.lang=ALL-UNNAMED
13-Nov-2018 23:33:23.951 INFO [main] org.apache.catalina.startup.VersionLoggerListener.log Command line argument: --add-opens=java.base/java.io=ALL-UNNAMED
13-Nov-2018 23:33:23.951 INFO [main] org.apache.catalina.startup.VersionLoggerListener.log Command line argument: --add-opens=java.rmi/sun.rmi.transport=ALL-UNNAMED
13-Nov-2018 23:33:23.951 INFO [main] org.apache.catalina.startup.VersionLoggerListener.log Command line argument: -Djava.util.logging.config.file=/Users/The_Gate/Desktop/apache-tomcat-9.0.13/conf/logging.properties
13-Nov-2018 23:33:23.952 INFO [main] org.apache.catalina.startup.VersionLoggerListener.log Command line argument: -Djava.util.logging.manager=org.apache.juli.ClassLoaderLogManager
13-Nov-2018 23:33:23.952 INFO [main] org.apache.catalina.startup.VersionLoggerListener.log Command line argument: -Djdk.tls.ephemeralDHKeySize=2048
13-Nov-2018 23:33:23.952 INFO [main] org.apache.catalina.startup.VersionLoggerListener.log Command line argument: -Djava.protocol.handler.pkgs=org.apache.catalina.webresources
13-Nov-2018 23:33:23.952 INFO [main] org.apache.catalina.startup.VersionLoggerListener.log Command line argument: -Dorg.apache.catalina.security.SecurityListener.UMASK=0027
13-Nov-2018 23:33:23.952 INFO [main] org.apache.catalina.startup.VersionLoggerListener.log Command line argument: -Dignore.endorsed.dirs=
13-Nov-2018 23:33:23.952 INFO [main] org.apache.catalina.startup.VersionLoggerListener.log Command line argument: -Dcatalina.base=/Users/The_Gate/Desktop/apache-tomcat-9.0.13
13-Nov-2018 23:33:23.952 INFO [main] org.apache.catalina.startup.VersionLoggerListener.log Command line argument: -Dcatalina.home=/Users/The_Gate/Desktop/apache-tomcat-9.0.13
13-Nov-2018 23:33:23.952 INFO [main] org.apache.catalina.startup.VersionLoggerListener.log Command line argument: -Djava.io.tmpdir=/Users/The_Gate/Desktop/apache-tomcat-9.0.13/temp
13-Nov-2018 23:33:23.953 INFO [main] org.apache.catalina.core.AprLifecycleListener.lifecycleEvent The APR based Apache Tomcat Native library which allows optimal performance in production environments was not found on the java.library.path: [/Users/The_Gate/Library/Java/Extensions:/Library/Java/Extensions:/Network/Library/Java/Extensions:/System/Library/Java/Extensions:/usr/lib/java:.]
13-Nov-2018 23:33:24.001 INFO [main] org.apache.coyote.AbstractProtocol.init Initializing ProtocolHandler ["http-nio-8080"]
13-Nov-2018 23:33:24.030 INFO [main] org.apache.tomcat.util.net.NioSelectorPool.getSharedSelector Using a shared selector for servlet write/read
13-Nov-2018 23:33:24.041 INFO [main] org.apache.coyote.AbstractProtocol.init Initializing ProtocolHandler ["ajp-nio-8009"]
13-Nov-2018 23:33:24.043 INFO [main] org.apache.tomcat.util.net.NioSelectorPool.getSharedSelector Using a shared selector for servlet write/read
13-Nov-2018 23:33:24.043 INFO [main] org.apache.catalina.startup.Catalina.load Initialization processed in 588 ms
13-Nov-2018 23:33:24.100 INFO [main] org.apache.catalina.core.StandardService.startInternal Starting service [Catalina]
13-Nov-2018 23:33:24.100 INFO [main] org.apache.catalina.core.StandardEngine.startInternal Starting Servlet Engine: Apache Tomcat/9.0.13
13-Nov-2018 23:33:24.112 INFO [main] org.apache.catalina.startup.HostConfig.deployDirectory Deploying web application directory [/Users/The_Gate/Desktop/apache-tomcat-9.0.13/webapps/docs]
13-Nov-2018 23:33:24.593 INFO [main] org.apache.catalina.startup.HostConfig.deployDirectory Deployment of web application directory [/Users/The_Gate/Desktop/apache-tomcat-9.0.13/webapps/docs] has finished in [481] ms
13-Nov-2018 23:33:24.594 INFO [main] org.apache.catalina.startup.HostConfig.deployDirectory Deploying web application directory [/Users/The_Gate/Desktop/apache-tomcat-9.0.13/webapps/manager]
13-Nov-2018 23:33:24.630 INFO [main] org.apache.catalina.startup.HostConfig.deployDirectory Deployment of web application directory [/Users/The_Gate/Desktop/apache-tomcat-9.0.13/webapps/manager] has finished in [36] ms
13-Nov-2018 23:33:24.631 INFO [main] org.apache.catalina.startup.HostConfig.deployDirectory Deploying web application directory [/Users/The_Gate/Desktop/apache-tomcat-9.0.13/webapps/examples]
13-Nov-2018 23:33:24.888 INFO [main] org.apache.catalina.startup.HostConfig.deployDirectory Deployment of web application directory [/Users/The_Gate/Desktop/apache-tomcat-9.0.13/webapps/examples] has finished in [258] ms
13-Nov-2018 23:33:24.888 INFO [main] org.apache.catalina.startup.HostConfig.deployDirectory Deploying web application directory [/Users/The_Gate/Desktop/apache-tomcat-9.0.13/webapps/ROOT]
13-Nov-2018 23:33:24.904 INFO [main] org.apache.catalina.startup.HostConfig.deployDirectory Deployment of web application directory [/Users/The_Gate/Desktop/apache-tomcat-9.0.13/webapps/ROOT] has finished in [16] ms
13-Nov-2018 23:33:24.905 INFO [main] org.apache.catalina.startup.HostConfig.deployDirectory Deploying web application directory [/Users/The_Gate/Desktop/apache-tomcat-9.0.13/webapps/host-manager]
13-Nov-2018 23:33:24.928 INFO [main] org.apache.catalina.startup.HostConfig.deployDirectory Deployment of web application directory [/Users/The_Gate/Desktop/apache-tomcat-9.0.13/webapps/host-manager] has finished in [22] ms
13-Nov-2018 23:33:24.928 INFO [main] org.apache.catalina.startup.HostConfig.deployDirectory Deploying web application directory [/Users/The_Gate/Desktop/apache-tomcat-9.0.13/webapps/.idea]
13-Nov-2018 23:33:24.966 INFO [main] org.apache.catalina.startup.HostConfig.deployDirectory Deployment of web application directory [/Users/The_Gate/Desktop/apache-tomcat-9.0.13/webapps/.idea] has finished in [37] ms
13-Nov-2018 23:33:24.972 INFO [main] org.apache.coyote.AbstractProtocol.start Starting ProtocolHandler ["http-nio-8080"]
13-Nov-2018 23:33:24.984 INFO [main] org.apache.coyote.AbstractProtocol.start Starting ProtocolHandler ["ajp-nio-8009"]
13-Nov-2018 23:33:24.987 INFO [main] org.apache.catalina.startup.Catalina.start Server startup in 943 ms
13-Nov-2018 23:34:28.017 SEVERE [http-nio-8080-exec-8] org.apache.jsp.index_jsp._jspService Log Test 2
13-Nov-2018 23:34:28.020 WARNING [http-nio-8080-exec-8] org.apache.jsp.index_jsp._jspService Log Test 2
13-Nov-2018 23:34:28.020 INFO [http-nio-8080-exec-8] org.apache.jsp.index_jsp._jspService Log Test 2
13-Nov-2018 23:39:41.221 INFO [main] org.apache.catalina.core.StandardServer.await A valid shutdown command was received via the shutdown port. Stopping the Server instance.
13-Nov-2018 23:39:41.221 INFO [main] org.apache.coyote.AbstractProtocol.pause Pausing ProtocolHandler ["http-nio-8080"]
13-Nov-2018 23:39:41.229 INFO [main] org.apache.coyote.AbstractProtocol.pause Pausing ProtocolHandler ["ajp-nio-8009"]
13-Nov-2018 23:39:41.236 INFO [main] org.apache.catalina.core.StandardService.stopInternal Stopping service [Catalina]
13-Nov-2018 23:39:41.263 INFO [main] org.apache.coyote.AbstractProtocol.stop Stopping ProtocolHandler ["http-nio-8080"]
13-Nov-2018 23:39:41.266 INFO [main] org.apache.coyote.AbstractProtocol.stop Stopping ProtocolHandler ["ajp-nio-8009"]
13-Nov-2018 23:39:41.270 INFO [main] org.apache.coyote.AbstractProtocol.destroy Destroying ProtocolHandler ["http-nio-8080"]
13-Nov-2018 23:39:41.271 INFO [main] org.apache.coyote.AbstractProtocol.destroy Destroying ProtocolHandler ["ajp-nio-8009"]
NOTE: Picked up JDK_JAVA_OPTIONS:  --add-opens=java.base/java.lang=ALL-UNNAMED --add-opens=java.base/java.io=ALL-UNNAMED --add-opens=java.rmi/sun.rmi.transport=ALL-UNNAMED
15-Jan-2019 14:15:09.293 INFO [main] org.apache.catalina.startup.VersionLoggerListener.log Server version:        Apache Tomcat/9.0.13
15-Jan-2019 14:15:09.297 INFO [main] org.apache.catalina.startup.VersionLoggerListener.log Server built:          Nov 2 2018 14:27:55 UTC
15-Jan-2019 14:15:09.297 INFO [main] org.apache.catalina.startup.VersionLoggerListener.log Server number:         9.0.13.0
15-Jan-2019 14:15:09.298 INFO [main] org.apache.catalina.startup.VersionLoggerListener.log OS Name:               Mac OS X
15-Jan-2019 14:15:09.298 INFO [main] org.apache.catalina.startup.VersionLoggerListener.log OS Version:            10.14.2
15-Jan-2019 14:15:09.298 INFO [main] org.apache.catalina.startup.VersionLoggerListener.log Architecture:          x86_64
15-Jan-2019 14:15:09.298 INFO [main] org.apache.catalina.startup.VersionLoggerListener.log Java Home:             /Library/Java/JavaVirtualMachines/jdk-11.0.1.jdk/Contents/Home
15-Jan-2019 14:15:09.298 INFO [main] org.apache.catalina.startup.VersionLoggerListener.log JVM Version:           11.0.1+13-LTS
15-Jan-2019 14:15:09.298 INFO [main] org.apache.catalina.startup.VersionLoggerListener.log JVM Vendor:            Oracle Corporation
15-Jan-2019 14:15:09.299 INFO [main] org.apache.catalina.startup.VersionLoggerListener.log CATALINA_BASE:         /Users/The_Gate/Desktop/apache-tomcat-9.0.13
15-Jan-2019 14:15:09.299 INFO [main] org.apache.catalina.startup.VersionLoggerListener.log CATALINA_HOME:         /Users/The_Gate/Desktop/apache-tomcat-9.0.13
15-Jan-2019 14:15:09.301 INFO [main] org.apache.catalina.startup.VersionLoggerListener.log Command line argument: --add-opens=java.base/java.lang=ALL-UNNAMED
15-Jan-2019 14:15:09.302 INFO [main] org.apache.catalina.startup.VersionLoggerListener.log Command line argument: --add-opens=java.base/java.io=ALL-UNNAMED
15-Jan-2019 14:15:09.302 INFO [main] org.apache.catalina.startup.VersionLoggerListener.log Command line argument: --add-opens=java.rmi/sun.rmi.transport=ALL-UNNAMED
15-Jan-2019 14:15:09.302 INFO [main] org.apache.catalina.startup.VersionLoggerListener.log Command line argument: -Djava.util.logging.config.file=/Users/The_Gate/Desktop/apache-tomcat-9.0.13/conf/logging.properties
15-Jan-2019 14:15:09.302 INFO [main] org.apache.catalina.startup.VersionLoggerListener.log Command line argument: -Djava.util.logging.manager=org.apache.juli.ClassLoaderLogManager
15-Jan-2019 14:15:09.302 INFO [main] org.apache.catalina.startup.VersionLoggerListener.log Command line argument: -Djdk.tls.ephemeralDHKeySize=2048
15-Jan-2019 14:15:09.302 INFO [main] org.apache.catalina.startup.VersionLoggerListener.log Command line argument: -Djava.protocol.handler.pkgs=org.apache.catalina.webresources
15-Jan-2019 14:15:09.303 INFO [main] org.apache.catalina.startup.VersionLoggerListener.log Command line argument: -Dorg.apache.catalina.security.SecurityListener.UMASK=0027
15-Jan-2019 14:15:09.303 INFO [main] org.apache.catalina.startup.VersionLoggerListener.log Command line argument: -Dignore.endorsed.dirs=
15-Jan-2019 14:15:09.303 INFO [main] org.apache.catalina.startup.VersionLoggerListener.log Command line argument: -Dcatalina.base=/Users/The_Gate/Desktop/apache-tomcat-9.0.13
15-Jan-2019 14:15:09.303 INFO [main] org.apache.catalina.startup.VersionLoggerListener.log Command line argument: -Dcatalina.home=/Users/The_Gate/Desktop/apache-tomcat-9.0.13
15-Jan-2019 14:15:09.303 INFO [main] org.apache.catalina.startup.VersionLoggerListener.log Command line argument: -Djava.io.tmpdir=/Users/The_Gate/Desktop/apache-tomcat-9.0.13/temp
15-Jan-2019 14:15:09.303 INFO [main] org.apache.catalina.core.AprLifecycleListener.lifecycleEvent The APR based Apache Tomcat Native library which allows optimal performance in production environments was not found on the java.library.path: [/Users/The_Gate/Library/Java/Extensions:/Library/Java/Extensions:/Network/Library/Java/Extensions:/System/Library/Java/Extensions:/usr/lib/java:.]
15-Jan-2019 14:15:09.354 INFO [main] org.apache.coyote.AbstractProtocol.init Initializing ProtocolHandler ["http-nio-8080"]
15-Jan-2019 14:15:09.384 INFO [main] org.apache.tomcat.util.net.NioSelectorPool.getSharedSelector Using a shared selector for servlet write/read
15-Jan-2019 14:15:09.398 INFO [main] org.apache.coyote.AbstractProtocol.init Initializing ProtocolHandler ["ajp-nio-8009"]
15-Jan-2019 14:15:09.399 INFO [main] org.apache.tomcat.util.net.NioSelectorPool.getSharedSelector Using a shared selector for servlet write/read
15-Jan-2019 14:15:09.400 INFO [main] org.apache.catalina.startup.Catalina.load Initialization processed in 619 ms
15-Jan-2019 14:15:09.457 INFO [main] org.apache.catalina.core.StandardService.startInternal Starting service [Catalina]
15-Jan-2019 14:15:09.457 INFO [main] org.apache.catalina.core.StandardEngine.startInternal Starting Servlet Engine: Apache Tomcat/9.0.13
15-Jan-2019 14:15:09.466 INFO [main] org.apache.catalina.startup.HostConfig.deployDirectory Deploying web application directory [/Users/The_Gate/Desktop/apache-tomcat-9.0.13/webapps/docs]
15-Jan-2019 14:15:09.859 INFO [main] org.apache.catalina.startup.HostConfig.deployDirectory Deployment of web application directory [/Users/The_Gate/Desktop/apache-tomcat-9.0.13/webapps/docs] has finished in [393] ms
15-Jan-2019 14:15:09.859 INFO [main] org.apache.catalina.startup.HostConfig.deployDirectory Deploying web application directory [/Users/The_Gate/Desktop/apache-tomcat-9.0.13/webapps/manager]
15-Jan-2019 14:15:09.892 INFO [main] org.apache.catalina.startup.HostConfig.deployDirectory Deployment of web application directory [/Users/The_Gate/Desktop/apache-tomcat-9.0.13/webapps/manager] has finished in [33] ms
15-Jan-2019 14:15:09.892 INFO [main] org.apache.catalina.startup.HostConfig.deployDirectory Deploying web application directory [/Users/The_Gate/Desktop/apache-tomcat-9.0.13/webapps/examples]
15-Jan-2019 14:15:10.144 INFO [main] org.apache.catalina.startup.HostConfig.deployDirectory Deployment of web application directory [/Users/The_Gate/Desktop/apache-tomcat-9.0.13/webapps/examples] has finished in [252] ms
15-Jan-2019 14:15:10.145 INFO [main] org.apache.catalina.startup.HostConfig.deployDirectory Deploying web application directory [/Users/The_Gate/Desktop/apache-tomcat-9.0.13/webapps/ROOT]
15-Jan-2019 14:15:10.161 INFO [main] org.apache.catalina.startup.HostConfig.deployDirectory Deployment of web application directory [/Users/The_Gate/Desktop/apache-tomcat-9.0.13/webapps/ROOT] has finished in [16] ms
15-Jan-2019 14:15:10.162 INFO [main] org.apache.catalina.startup.HostConfig.deployDirectory Deploying web application directory [/Users/The_Gate/Desktop/apache-tomcat-9.0.13/webapps/host-manager]
15-Jan-2019 14:15:10.182 INFO [main] org.apache.catalina.startup.HostConfig.deployDirectory Deployment of web application directory [/Users/The_Gate/Desktop/apache-tomcat-9.0.13/webapps/host-manager] has finished in [20] ms
15-Jan-2019 14:15:10.182 INFO [main] org.apache.catalina.startup.HostConfig.deployDirectory Deploying web application directory [/Users/The_Gate/Desktop/apache-tomcat-9.0.13/webapps/.idea]
15-Jan-2019 14:15:10.210 INFO [main] org.apache.catalina.startup.HostConfig.deployDirectory Deployment of web application directory [/Users/The_Gate/Desktop/apache-tomcat-9.0.13/webapps/.idea] has finished in [28] ms
15-Jan-2019 14:15:10.212 INFO [main] org.apache.coyote.AbstractProtocol.start Starting ProtocolHandler ["http-nio-8080"]
15-Jan-2019 14:15:10.222 INFO [main] org.apache.coyote.AbstractProtocol.start Starting ProtocolHandler ["ajp-nio-8009"]
15-Jan-2019 14:15:10.225 INFO [main] org.apache.catalina.startup.Catalina.start Server startup in 824 ms
15-Jan-2019 14:15:25.497 SEVERE [http-nio-8080-exec-1] org.apache.jsp.index_jsp._jspService Log Test 2
15-Jan-2019 14:15:25.501 WARNING [http-nio-8080-exec-1] org.apache.jsp.index_jsp._jspService Log Test 2
15-Jan-2019 14:15:25.501 INFO [http-nio-8080-exec-1] org.apache.jsp.index_jsp._jspService Log Test 2
15-Jan-2019 14:16:28.089 SEVERE [http-nio-8080-exec-6] org.apache.jsp.index_jsp._jspService Log Test 2
15-Jan-2019 14:16:28.091 WARNING [http-nio-8080-exec-6] org.apache.jsp.index_jsp._jspService Log Test 2
15-Jan-2019 14:16:28.092 INFO [http-nio-8080-exec-6] org.apache.jsp.index_jsp._jspService Log Test 2
15-Jan-2019 14:43:37.968 INFO [main] org.apache.catalina.core.StandardServer.await A valid shutdown command was received via the shutdown port. Stopping the Server instance.
15-Jan-2019 14:43:37.969 INFO [main] org.apache.coyote.AbstractProtocol.pause Pausing ProtocolHandler ["http-nio-8080"]
15-Jan-2019 14:43:37.979 INFO [main] org.apache.coyote.AbstractProtocol.pause Pausing ProtocolHandler ["ajp-nio-8009"]
15-Jan-2019 14:43:37.986 INFO [main] org.apache.catalina.core.StandardService.stopInternal Stopping service [Catalina]
15-Jan-2019 14:43:38.023 INFO [main] org.apache.coyote.AbstractProtocol.stop Stopping ProtocolHandler ["http-nio-8080"]
15-Jan-2019 14:43:38.026 INFO [main] org.apache.coyote.AbstractProtocol.stop Stopping ProtocolHandler ["ajp-nio-8009"]
15-Jan-2019 14:43:38.028 INFO [main] org.apache.coyote.AbstractProtocol.destroy Destroying ProtocolHandler ["http-nio-8080"]
15-Jan-2019 14:43:38.029 INFO [main] org.apache.coyote.AbstractProtocol.destroy Destroying ProtocolHandler ["ajp-nio-8009"]
