10-Nov-2018 13:56:08.574 INFO [main] org.apache.catalina.core.StandardServer.await A valid shutdown command was received via the shutdown port. Stopping the Server instance.
10-Nov-2018 13:56:08.578 INFO [main] org.apache.coyote.AbstractProtocol.pause Pausing ProtocolHandler ["http-nio-8080"]
10-Nov-2018 13:56:08.593 INFO [main] org.apache.coyote.AbstractProtocol.pause Pausing ProtocolHandler ["ajp-nio-8009"]
10-Nov-2018 13:56:08.601 INFO [main] org.apache.catalina.core.StandardService.stopInternal Stopping service [Catalina]
10-Nov-2018 13:56:08.649 INFO [main] org.apache.coyote.AbstractProtocol.stop Stopping ProtocolHandler ["http-nio-8080"]
10-Nov-2018 13:56:08.653 INFO [main] org.apache.coyote.AbstractProtocol.stop Stopping ProtocolHandler ["ajp-nio-8009"]
10-Nov-2018 13:56:08.655 INFO [main] org.apache.coyote.AbstractProtocol.destroy Destroying ProtocolHandler ["http-nio-8080"]
10-Nov-2018 13:56:08.656 INFO [main] org.apache.coyote.AbstractProtocol.destroy Destroying ProtocolHandler ["ajp-nio-8009"]
10-Nov-2018 16:01:00.567 INFO [main] org.apache.catalina.startup.VersionLoggerListener.log Server version:        Apache Tomcat/9.0.13
10-Nov-2018 16:01:00.571 INFO [main] org.apache.catalina.startup.VersionLoggerListener.log Server built:          Nov 2 2018 14:27:55 UTC
10-Nov-2018 16:01:00.572 INFO [main] org.apache.catalina.startup.VersionLoggerListener.log Server number:         9.0.13.0
10-Nov-2018 16:01:00.572 INFO [main] org.apache.catalina.startup.VersionLoggerListener.log OS Name:               Mac OS X
10-Nov-2018 16:01:00.572 INFO [main] org.apache.catalina.startup.VersionLoggerListener.log OS Version:            10.14
10-Nov-2018 16:01:00.572 INFO [main] org.apache.catalina.startup.VersionLoggerListener.log Architecture:          x86_64
10-Nov-2018 16:01:00.572 INFO [main] org.apache.catalina.startup.VersionLoggerListener.log Java Home:             /Library/Java/JavaVirtualMachines/jdk-11.0.1.jdk/Contents/Home
10-Nov-2018 16:01:00.572 INFO [main] org.apache.catalina.startup.VersionLoggerListener.log JVM Version:           11.0.1+13-LTS
10-Nov-2018 16:01:00.572 INFO [main] org.apache.catalina.startup.VersionLoggerListener.log JVM Vendor:            Oracle Corporation
10-Nov-2018 16:01:00.573 INFO [main] org.apache.catalina.startup.VersionLoggerListener.log CATALINA_BASE:         /Users/The_Gate/Desktop/apache-tomcat-9.0.13
10-Nov-2018 16:01:00.573 INFO [main] org.apache.catalina.startup.VersionLoggerListener.log CATALINA_HOME:         /Users/The_Gate/Desktop/apache-tomcat-9.0.13
10-Nov-2018 16:01:00.576 INFO [main] org.apache.catalina.startup.VersionLoggerListener.log Command line argument: --add-opens=java.base/java.lang=ALL-UNNAMED
10-Nov-2018 16:01:00.576 INFO [main] org.apache.catalina.startup.VersionLoggerListener.log Command line argument: --add-opens=java.base/java.io=ALL-UNNAMED
10-Nov-2018 16:01:00.576 INFO [main] org.apache.catalina.startup.VersionLoggerListener.log Command line argument: --add-opens=java.rmi/sun.rmi.transport=ALL-UNNAMED
10-Nov-2018 16:01:00.576 INFO [main] org.apache.catalina.startup.VersionLoggerListener.log Command line argument: -Djava.util.logging.config.file=/Users/The_Gate/Desktop/apache-tomcat-9.0.13/conf/logging.properties
10-Nov-2018 16:01:00.576 INFO [main] org.apache.catalina.startup.VersionLoggerListener.log Command line argument: -Djava.util.logging.manager=org.apache.juli.ClassLoaderLogManager
10-Nov-2018 16:01:00.576 INFO [main] org.apache.catalina.startup.VersionLoggerListener.log Command line argument: -Djdk.tls.ephemeralDHKeySize=2048
10-Nov-2018 16:01:00.576 INFO [main] org.apache.catalina.startup.VersionLoggerListener.log Command line argument: -Djava.protocol.handler.pkgs=org.apache.catalina.webresources
10-Nov-2018 16:01:00.577 INFO [main] org.apache.catalina.startup.VersionLoggerListener.log Command line argument: -Dorg.apache.catalina.security.SecurityListener.UMASK=0027
10-Nov-2018 16:01:00.577 INFO [main] org.apache.catalina.startup.VersionLoggerListener.log Command line argument: -Dignore.endorsed.dirs=
10-Nov-2018 16:01:00.577 INFO [main] org.apache.catalina.startup.VersionLoggerListener.log Command line argument: -Dcatalina.base=/Users/The_Gate/Desktop/apache-tomcat-9.0.13
10-Nov-2018 16:01:00.577 INFO [main] org.apache.catalina.startup.VersionLoggerListener.log Command line argument: -Dcatalina.home=/Users/The_Gate/Desktop/apache-tomcat-9.0.13
10-Nov-2018 16:01:00.577 INFO [main] org.apache.catalina.startup.VersionLoggerListener.log Command line argument: -Djava.io.tmpdir=/Users/The_Gate/Desktop/apache-tomcat-9.0.13/temp
10-Nov-2018 16:01:00.577 INFO [main] org.apache.catalina.core.AprLifecycleListener.lifecycleEvent The APR based Apache Tomcat Native library which allows optimal performance in production environments was not found on the java.library.path: [/Users/The_Gate/Library/Java/Extensions:/Library/Java/Extensions:/Network/Library/Java/Extensions:/System/Library/Java/Extensions:/usr/lib/java:.]
10-Nov-2018 16:01:00.625 INFO [main] org.apache.coyote.AbstractProtocol.init Initializing ProtocolHandler ["http-nio-8080"]
10-Nov-2018 16:01:00.657 INFO [main] org.apache.tomcat.util.net.NioSelectorPool.getSharedSelector Using a shared selector for servlet write/read
10-Nov-2018 16:01:00.671 INFO [main] org.apache.coyote.AbstractProtocol.init Initializing ProtocolHandler ["ajp-nio-8009"]
10-Nov-2018 16:01:00.672 INFO [main] org.apache.tomcat.util.net.NioSelectorPool.getSharedSelector Using a shared selector for servlet write/read
10-Nov-2018 16:01:00.673 INFO [main] org.apache.catalina.startup.Catalina.load Initialization processed in 586 ms
10-Nov-2018 16:01:00.725 INFO [main] org.apache.catalina.core.StandardService.startInternal Starting service [Catalina]
10-Nov-2018 16:01:00.726 INFO [main] org.apache.catalina.core.StandardEngine.startInternal Starting Servlet Engine: Apache Tomcat/9.0.13
10-Nov-2018 16:01:00.734 INFO [main] org.apache.catalina.startup.HostConfig.deployDirectory Deploying web application directory [/Users/The_Gate/Desktop/apache-tomcat-9.0.13/webapps/docs]
10-Nov-2018 16:01:01.087 INFO [main] org.apache.catalina.startup.HostConfig.deployDirectory Deployment of web application directory [/Users/The_Gate/Desktop/apache-tomcat-9.0.13/webapps/docs] has finished in [352] ms
10-Nov-2018 16:01:01.087 INFO [main] org.apache.catalina.startup.HostConfig.deployDirectory Deploying web application directory [/Users/The_Gate/Desktop/apache-tomcat-9.0.13/webapps/manager]
10-Nov-2018 16:01:01.117 INFO [main] org.apache.catalina.startup.HostConfig.deployDirectory Deployment of web application directory [/Users/The_Gate/Desktop/apache-tomcat-9.0.13/webapps/manager] has finished in [30] ms
10-Nov-2018 16:01:01.118 INFO [main] org.apache.catalina.startup.HostConfig.deployDirectory Deploying web application directory [/Users/The_Gate/Desktop/apache-tomcat-9.0.13/webapps/examples]
10-Nov-2018 16:01:01.345 INFO [main] org.apache.catalina.startup.HostConfig.deployDirectory Deployment of web application directory [/Users/The_Gate/Desktop/apache-tomcat-9.0.13/webapps/examples] has finished in [227] ms
10-Nov-2018 16:01:01.345 INFO [main] org.apache.catalina.startup.HostConfig.deployDirectory Deploying web application directory [/Users/The_Gate/Desktop/apache-tomcat-9.0.13/webapps/ROOT]
10-Nov-2018 16:01:01.361 INFO [main] org.apache.catalina.startup.HostConfig.deployDirectory Deployment of web application directory [/Users/The_Gate/Desktop/apache-tomcat-9.0.13/webapps/ROOT] has finished in [16] ms
10-Nov-2018 16:01:01.361 INFO [main] org.apache.catalina.startup.HostConfig.deployDirectory Deploying web application directory [/Users/The_Gate/Desktop/apache-tomcat-9.0.13/webapps/host-manager]
10-Nov-2018 16:01:01.380 INFO [main] org.apache.catalina.startup.HostConfig.deployDirectory Deployment of web application directory [/Users/The_Gate/Desktop/apache-tomcat-9.0.13/webapps/host-manager] has finished in [18] ms
10-Nov-2018 16:01:01.382 INFO [main] org.apache.coyote.AbstractProtocol.start Starting ProtocolHandler ["http-nio-8080"]
10-Nov-2018 16:01:01.388 INFO [main] org.apache.coyote.AbstractProtocol.start Starting ProtocolHandler ["ajp-nio-8009"]
10-Nov-2018 16:01:01.390 INFO [main] org.apache.catalina.startup.Catalina.start Server startup in 717 ms
